This is pdfTeX, Version 3.14159265-2.6-1.40.21 (MiKTeX 20.11) (preloaded format=pdflatex 2020.12.9)  10 DEC 2020 14:38
entering extended mode
**./frame10.tex
(frame10.tex
LaTeX2e <2020-10-01> patch level 2
L3 programming layer <2020-12-03> xparse <2020-03-03>

! LaTeX Error: Missing \begin{document}.

See the LaTeX manual or LaTeX Companion for explanation.
Type  H <return>  for immediate help.
 ...                                              
                                                  
l.1 ...–µ —Ç–µ—Ä–º–∏–Ω–∞ "–∏–Ω—Ñ–æ—Ä–º–∞—Ç–∏–∫–∞"}
                                                  
You're in trouble here.  Try typing  <return>  to proceed.
If that doesn't work, type  X <return>  to quit.


! Package inputenc Error: Unicode character –û (U+041E)
(inputenc)                not set up for use with LaTeX.

See the inputenc package documentation for explanation.
Type  H <return>  for immediate help.
 ...                                              
                                                  
l.1 ...–µ —Ç–µ—Ä–º–∏–Ω–∞ "–∏–Ω—Ñ–æ—Ä–º–∞—Ç–∏–∫–∞"}
                                                  
You may provide a definition with
\DeclareUnicodeCharacter 


! Package inputenc Error: Unicode character –ø (U+043F)
(inputenc)                not set up for use with LaTeX.

See the inputenc package documentation for explanation.
Type  H <return>  for immediate help.
 ...                                              
                                                  
l.1 ...–µ —Ç–µ—Ä–º–∏–Ω–∞ "–∏–Ω—Ñ–æ—Ä–º–∞—Ç–∏–∫–∞"}
                                                  
You may provide a definition with
\DeclareUnicodeCharacter 


! Package inputenc Error: Unicode character —Ä (U+0440)
(inputenc)                not set up for use with LaTeX.

See the inputenc package documentation for explanation.
Type  H <return>  for immediate help.
 ...                                              
                                                  
l.1 ...–µ —Ç–µ—Ä–º–∏–Ω–∞ "–∏–Ω—Ñ–æ—Ä–º–∞—Ç–∏–∫–∞"}
                                                  
You may provide a definition with
\DeclareUnicodeCharacter 


! Package inputenc Error: Unicode character –µ (U+0435)
(inputenc)                not set up for use with LaTeX.

See the inputenc package documentation for explanation.
Type  H <return>  for immediate help.
 ...                                              
                                                  
l.1 ...–µ —Ç–µ—Ä–º–∏–Ω–∞ "–∏–Ω—Ñ–æ—Ä–º–∞—Ç–∏–∫–∞"}
                                                  
You may provide a definition with
\DeclareUnicodeCharacter 


! Package inputenc Error: Unicode character –¥ (U+0434)
(inputenc)                not set up for use with LaTeX.

See the inputenc package documentation for explanation.
Type  H <return>  for immediate help.
 ...                                              
                                                  
l.1 ...–µ —Ç–µ—Ä–º–∏–Ω–∞ "–∏–Ω—Ñ–æ—Ä–º–∞—Ç–∏–∫–∞"}
                                                  
You may provide a definition with
\DeclareUnicodeCharacter 


! Package inputenc Error: Unicode character –µ (U+0435)
(inputenc)                not set up for use with LaTeX.

See the inputenc package documentation for explanation.
Type  H <return>  for immediate help.
 ...                                              
                                                  
l.1 ...–µ —Ç–µ—Ä–º–∏–Ω–∞ "–∏–Ω—Ñ–æ—Ä–º–∞—Ç–∏–∫–∞"}
                                                  
You may provide a definition with
\DeclareUnicodeCharacter 


! Package inputenc Error: Unicode character –ª (U+043B)
(inputenc)                not set up for use with LaTeX.

See the inputenc package documentation for explanation.
Type  H <return>  for immediate help.
 ...                                              
                                                  
l.1 ...–µ —Ç–µ—Ä–º–∏–Ω–∞ "–∏–Ω—Ñ–æ—Ä–º–∞—Ç–∏–∫–∞"}
                                                  
You may provide a definition with
\DeclareUnicodeCharacter 


! Package inputenc Error: Unicode character –µ (U+0435)
(inputenc)                not set up for use with LaTeX.

See the inputenc package documentation for explanation.
Type  H <return>  for immediate help.
 ...                                              
                                                  
l.1 ...–µ —Ç–µ—Ä–º–∏–Ω–∞ "–∏–Ω—Ñ–æ—Ä–º–∞—Ç–∏–∫–∞"}
                                                  
You may provide a definition with
\DeclareUnicodeCharacter 


! Package inputenc Error: Unicode character –Ω (U+043D)
(inputenc)                not set up for use with LaTeX.

See the inputenc package documentation for explanation.
Type  H <return>  for immediate help.
 ...                                              
                                                  
l.1 ...–µ —Ç–µ—Ä–º–∏–Ω–∞ "–∏–Ω—Ñ–æ—Ä–º–∞—Ç–∏–∫–∞"}
                                                  
You may provide a definition with
\DeclareUnicodeCharacter 


! Package inputenc Error: Unicode character –∏ (U+0438)
(inputenc)                not set up for use with LaTeX.

See the inputenc package documentation for explanation.
Type  H <return>  for immediate help.
 ...                                              
                                                  
l.1 ...–µ —Ç–µ—Ä–º–∏–Ω–∞ "–∏–Ω—Ñ–æ—Ä–º–∞—Ç–∏–∫–∞"}
                                                  
You may provide a definition with
\DeclareUnicodeCharacter 


! Package inputenc Error: Unicode character –µ (U+0435)
(inputenc)                not set up for use with LaTeX.

See the inputenc package documentation for explanation.
Type  H <return>  for immediate help.
 ...                                              
                                                  
l.1 ...–µ —Ç–µ—Ä–º–∏–Ω–∞ "–∏–Ω—Ñ–æ—Ä–º–∞—Ç–∏–∫–∞"}
                                                  
You may provide a definition with
\DeclareUnicodeCharacter 


! Package inputenc Error: Unicode character —Ç (U+0442)
(inputenc)                not set up for use with LaTeX.

See the inputenc package documentation for explanation.
Type  H <return>  for immediate help.
 ...                                              
                                                  
l.1 ...–µ —Ç–µ—Ä–º–∏–Ω–∞ "–∏–Ω—Ñ–æ—Ä–º–∞—Ç–∏–∫–∞"}
                                                  
You may provide a definition with
\DeclareUnicodeCharacter 


! Package inputenc Error: Unicode character –µ (U+0435)
(inputenc)                not set up for use with LaTeX.

See the inputenc package documentation for explanation.
Type  H <return>  for immediate help.
 ...                                              
                                                  
l.1 ...–µ —Ç–µ—Ä–º–∏–Ω–∞ "–∏–Ω—Ñ–æ—Ä–º–∞—Ç–∏–∫–∞"}
                                                  
You may provide a definition with
\DeclareUnicodeCharacter 


! Package inputenc Error: Unicode character —Ä (U+0440)
(inputenc)                not set up for use with LaTeX.

See the inputenc package documentation for explanation.
Type  H <return>  for immediate help.
 ...                                              
                                                  
l.1 ...–µ —Ç–µ—Ä–º–∏–Ω–∞ "–∏–Ω—Ñ–æ—Ä–º–∞—Ç–∏–∫–∞"}
                                                  
You may provide a definition with
\DeclareUnicodeCharacter 


! Package inputenc Error: Unicode character –º (U+043C)
(inputenc)                not set up for use with LaTeX.

See the inputenc package documentation for explanation.
Type  H <return>  for immediate help.
 ...                                              
                                                  
l.1 ...–µ —Ç–µ—Ä–º–∏–Ω–∞ "–∏–Ω—Ñ–æ—Ä–º–∞—Ç–∏–∫–∞"}
                                                  
You may provide a definition with
\DeclareUnicodeCharacter 


! Package inputenc Error: Unicode character –∏ (U+0438)
(inputenc)                not set up for use with LaTeX.

See the inputenc package documentation for explanation.
Type  H <return>  for immediate help.
 ...                                              
                                                  
l.1 ...–µ —Ç–µ—Ä–º–∏–Ω–∞ "–∏–Ω—Ñ–æ—Ä–º–∞—Ç–∏–∫–∞"}
                                                  
You may provide a definition with
\DeclareUnicodeCharacter 


! Package inputenc Error: Unicode character –Ω (U+043D)
(inputenc)                not set up for use with LaTeX.

See the inputenc package documentation for explanation.
Type  H <return>  for immediate help.
 ...                                              
                                                  
l.1 ...–µ —Ç–µ—Ä–º–∏–Ω–∞ "–∏–Ω—Ñ–æ—Ä–º–∞—Ç–∏–∫–∞"}
                                                  
You may provide a definition with
\DeclareUnicodeCharacter 


! Package inputenc Error: Unicode character –∞ (U+0430)
(inputenc)                not set up for use with LaTeX.

See the inputenc package documentation for explanation.
Type  H <return>  for immediate help.
 ...                                              
                                                  
l.1 ...–µ —Ç–µ—Ä–º–∏–Ω–∞ "–∏–Ω—Ñ–æ—Ä–º–∞—Ç–∏–∫–∞"}
                                                  
You may provide a definition with
\DeclareUnicodeCharacter 

Missing character: There is no " in font nullfont!

! Package inputenc Error: Unicode character –∏ (U+0438)
(inputenc)                not set up for use with LaTeX.

See the inputenc package documentation for explanation.
Type  H <return>  for immediate help.
 ...                                              
                                                  
l.1 ...–µ —Ç–µ—Ä–º–∏–Ω–∞ "–∏–Ω—Ñ–æ—Ä–º–∞—Ç–∏–∫–∞"}
                                                  
You may provide a definition with
\DeclareUnicodeCharacter 


! Package inputenc Error: Unicode character –Ω (U+043D)
(inputenc)                not set up for use with LaTeX.

See the inputenc package documentation for explanation.
Type  H <return>  for immediate help.
 ...                                              
                                                  
l.1 ...–µ —Ç–µ—Ä–º–∏–Ω–∞ "–∏–Ω—Ñ–æ—Ä–º–∞—Ç–∏–∫–∞"}
                                                  
You may provide a definition with
\DeclareUnicodeCharacter 


! Package inputenc Error: Unicode character —Ñ (U+0444)
(inputenc)                not set up for use with LaTeX.

See the inputenc package documentation for explanation.
Type  H <return>  for immediate help.
 ...                                              
                                                  
l.1 ...–µ —Ç–µ—Ä–º–∏–Ω–∞ "–∏–Ω—Ñ–æ—Ä–º–∞—Ç–∏–∫–∞"}
                                                  
You may provide a definition with
\DeclareUnicodeCharacter 


! Package inputenc Error: Unicode character –æ (U+043E)
(inputenc)                not set up for use with LaTeX.

See the inputenc package documentation for explanation.
Type  H <return>  for immediate help.
 ...                                              
                                                  
l.1 ...–µ —Ç–µ—Ä–º–∏–Ω–∞ "–∏–Ω—Ñ–æ—Ä–º–∞—Ç–∏–∫–∞"}
                                                  
You may provide a definition with
\DeclareUnicodeCharacter 


! Package inputenc Error: Unicode character —Ä (U+0440)
(inputenc)                not set up for use with LaTeX.

See the inputenc package documentation for explanation.
Type  H <return>  for immediate help.
 ...                                              
                                                  
l.1 ...–µ —Ç–µ—Ä–º–∏–Ω–∞ "–∏–Ω—Ñ–æ—Ä–º–∞—Ç–∏–∫–∞"}
                                                  
You may provide a definition with
\DeclareUnicodeCharacter 


! Package inputenc Error: Unicode character –º (U+043C)
(inputenc)                not set up for use with LaTeX.

See the inputenc package documentation for explanation.
Type  H <return>  for immediate help.
 ...                                              
                                                  
l.1 ...–µ —Ç–µ—Ä–º–∏–Ω–∞ "–∏–Ω—Ñ–æ—Ä–º–∞—Ç–∏–∫–∞"}
                                                  
You may provide a definition with
\DeclareUnicodeCharacter 


! Package inputenc Error: Unicode character –∞ (U+0430)
(inputenc)                not set up for use with LaTeX.

See the inputenc package documentation for explanation.
Type  H <return>  for immediate help.
 ...                                              
                                                  
l.1 ...–µ —Ç–µ—Ä–º–∏–Ω–∞ "–∏–Ω—Ñ–æ—Ä–º–∞—Ç–∏–∫–∞"}
                                                  
You may provide a definition with
\DeclareUnicodeCharacter 


! Package inputenc Error: Unicode character —Ç (U+0442)
(inputenc)                not set up for use with LaTeX.

See the inputenc package documentation for explanation.
Type  H <return>  for immediate help.
 ...                                              
                                                  
l.1 ...–µ —Ç–µ—Ä–º–∏–Ω–∞ "–∏–Ω—Ñ–æ—Ä–º–∞—Ç–∏–∫–∞"}
                                                  
You may provide a definition with
\DeclareUnicodeCharacter 


! Package inputenc Error: Unicode character –∏ (U+0438)
(inputenc)                not set up for use with LaTeX.

See the inputenc package documentation for explanation.
Type  H <return>  for immediate help.
 ...                                              
                                                  
l.1 ...–µ —Ç–µ—Ä–º–∏–Ω–∞ "–∏–Ω—Ñ–æ—Ä–º–∞—Ç–∏–∫–∞"}
                                                  
You may provide a definition with
\DeclareUnicodeCharacter 


! Package inputenc Error: Unicode character –∫ (U+043A)
(inputenc)                not set up for use with LaTeX.

See the inputenc package documentation for explanation.
Type  H <return>  for immediate help.
 ...                                              
                                                  
l.1 ...–µ —Ç–µ—Ä–º–∏–Ω–∞ "–∏–Ω—Ñ–æ—Ä–º–∞—Ç–∏–∫–∞"}
                                                  
You may provide a definition with
\DeclareUnicodeCharacter 


! Package inputenc Error: Unicode character –∞ (U+0430)
(inputenc)                not set up for use with LaTeX.

See the inputenc package documentation for explanation.
Type  H <return>  for immediate help.
 ...                                              
                                                  
l.1 ...–µ —Ç–µ—Ä–º–∏–Ω–∞ "–∏–Ω—Ñ–æ—Ä–º–∞—Ç–∏–∫–∞"}
                                                  
You may provide a definition with
\DeclareUnicodeCharacter 

Missing character: There is no " in font nullfont!
! Undefined control sequence.
l.2 \color
          [rgb]{0,0.7,0.4}–ò–Ω—Ñ–æ—Ä–º–∞—Ç–∏–∫–∞
The control sequence at the end of the top line
of your error message was never \def'ed. If you have
misspelled it (e.g., `\hobx'), type `I' and the correct
spelling (e.g., `I\hbox'). Otherwise just continue,
and I'll forget about whatever was undefined.

Missing character: There is no [ in font nullfont!
Missing character: There is no r in font nullfont!
Missing character: There is no g in font nullfont!
Missing character: There is no b in font nullfont!
Missing character: There is no ] in font nullfont!
Missing character: There is no 0 in font nullfont!
Missing character: There is no , in font nullfont!
Missing character: There is no 0 in font nullfont!
Missing character: There is no . in font nullfont!
Missing character: There is no 7 in font nullfont!
Missing character: There is no , in font nullfont!
Missing character: There is no 0 in font nullfont!
Missing character: There is no . in font nullfont!
Missing character: There is no 4 in font nullfont!

! Package inputenc Error: Unicode character –ò (U+0418)
(inputenc)                not set up for use with LaTeX.

See the inputenc package documentation for explanation.
Type  H <return>  for immediate help.
 ...                                              
                                                  
l.2 \color[rgb]{0,0.7,0.4}–ò
                            –Ω—Ñ–æ—Ä–º–∞—Ç–∏–∫–∞
You may provide a definition with
\DeclareUnicodeCharacter 


! Package inputenc Error: Unicode character –Ω (U+043D)
(inputenc)                not set up for use with LaTeX.

See the inputenc package documentation for explanation.
Type  H <return>  for immediate help.
 ...                                              
                                                  
l.2 \color[rgb]{0,0.7,0.4}–ò–Ω
                              —Ñ–æ—Ä–º–∞—Ç–∏–∫–∞
You may provide a definition with
\DeclareUnicodeCharacter 


! Package inputenc Error: Unicode character —Ñ (U+0444)
(inputenc)                not set up for use with LaTeX.

See the inputenc package documentation for explanation.
Type  H <return>  for immediate help.
 ...                                              
                                                  
l.2 \color[rgb]{0,0.7,0.4}–ò–Ω—Ñ
                                –æ—Ä–º–∞—Ç–∏–∫–∞
You may provide a definition with
\DeclareUnicodeCharacter 


! Package inputenc Error: Unicode character –æ (U+043E)
(inputenc)                not set up for use with LaTeX.

See the inputenc package documentation for explanation.
Type  H <return>  for immediate help.
 ...                                              
                                                  
l.2 \color[rgb]{0,0.7,0.4}–ò–Ω—Ñ–æ
                                  —Ä–º–∞—Ç–∏–∫–∞
You may provide a definition with
\DeclareUnicodeCharacter 


! Package inputenc Error: Unicode character —Ä (U+0440)
(inputenc)                not set up for use with LaTeX.

See the inputenc package documentation for explanation.
Type  H <return>  for immediate help.
 ...                                              
                                                  
l.2 \color[rgb]{0,0.7,0.4}–ò–Ω—Ñ–æ—Ä
                                    –º–∞—Ç–∏–∫–∞
You may provide a definition with
\DeclareUnicodeCharacter 


! Package inputenc Error: Unicode character –º (U+043C)
(inputenc)                not set up for use with LaTeX.

See the inputenc package documentation for explanation.
Type  H <return>  for immediate help.
 ...                                              
                                                  
l.2 \color[rgb]{0,0.7,0.4}–ò–Ω—Ñ–æ—Ä–º
                                      –∞—Ç–∏–∫–∞
You may provide a definition with
\DeclareUnicodeCharacter 


! Package inputenc Error: Unicode character –∞ (U+0430)
(inputenc)                not set up for use with LaTeX.

See the inputenc package documentation for explanation.
Type  H <return>  for immediate help.
 ...                                              
                                                  
l.2 \color[rgb]{0,0.7,0.4}–ò–Ω—Ñ–æ—Ä–º–∞
                                        —Ç–∏–∫–∞
You may provide a definition with
\DeclareUnicodeCharacter 


! Package inputenc Error: Unicode character —Ç (U+0442)
(inputenc)                not set up for use with LaTeX.

See the inputenc package documentation for explanation.
Type  H <return>  for immediate help.
 ...                                              
                                                  
l.2 \color[rgb]{0,0.7,0.4}–ò–Ω—Ñ–æ—Ä–º–∞—Ç
                                          –∏–∫–∞
You may provide a definition with
\DeclareUnicodeCharacter 


! Package inputenc Error: Unicode character –∏ (U+0438)
(inputenc)                not set up for use with LaTeX.

See the inputenc package documentation for explanation.
Type  H <return>  for immediate help.
 ...                                              
                                                  
l.2 \color[rgb]{0,0.7,0.4}–ò–Ω—Ñ–æ—Ä–º–∞—Ç–∏
                                            –∫–∞
You may provide a definition with
\DeclareUnicodeCharacter 


! Package inputenc Error: Unicode character –∫ (U+043A)
(inputenc)                not set up for use with LaTeX.

See the inputenc package documentation for explanation.
Type  H <return>  for immediate help.
 ...                                              
                                                  
l.2 \color[rgb]{0,0.7,0.4}–ò–Ω—Ñ–æ—Ä–º–∞—Ç–∏–∫
                                              –∞
You may provide a definition with
\DeclareUnicodeCharacter 


! Package inputenc Error: Unicode character –∞ (U+0430)
(inputenc)                not set up for use with LaTeX.

See the inputenc package documentation for explanation.
Type  H <return>  for immediate help.
 ...                                              
                                                  
l.2 \color[rgb]{0,0.7,0.4}–ò–Ω—Ñ–æ—Ä–º–∞—Ç–∏–∫–∞
                                                
You may provide a definition with
\DeclareUnicodeCharacter 


! Package inputenc Error: Unicode character –ö (U+041A)
(inputenc)                not set up for use with LaTeX.

See the inputenc package documentation for explanation.
Type  H <return>  for immediate help.
 ...                                              
                                                  
l.3 –ö
      –∞–∫–æ–µ –∫–æ–ª–∏—á–µ—Å—Ç–≤–æ –∏–Ω—Ñ–æ—Ä–º–∞—Ü–∏–∏ —Å–æ–¥–µ—Ä–∂–∏—Ç—Å—...

You may provide a definition with
\DeclareUnicodeCharacter 


! Package inputenc Error: Unicode character –∞ (U+0430)
(inputenc)                not set up for use with LaTeX.

See the inputenc package documentation for explanation.
Type  H <return>  for immediate help.
 ...                                              
                                                  
l.3 –ö–∞
        –∫–æ–µ –∫–æ–ª–∏—á–µ—Å—Ç–≤–æ –∏–Ω—Ñ–æ—Ä–º–∞—Ü–∏–∏ —Å–æ–¥–µ—Ä–∂–∏—Ç—Å—...

You may provide a definition with
\DeclareUnicodeCharacter 


! Package inputenc Error: Unicode character –∫ (U+043A)
(inputenc)                not set up for use with LaTeX.

See the inputenc package documentation for explanation.
Type  H <return>  for immediate help.
 ...                                              
                                                  
l.3 –ö–∞–∫
          –æ–µ –∫–æ–ª–∏—á–µ—Å—Ç–≤–æ –∏–Ω—Ñ–æ—Ä–º–∞—Ü–∏–∏ —Å–æ–¥–µ—Ä–∂–∏—Ç—Å—...

You may provide a definition with
\DeclareUnicodeCharacter 


! Package inputenc Error: Unicode character –æ (U+043E)
(inputenc)                not set up for use with LaTeX.

See the inputenc package documentation for explanation.
Type  H <return>  for immediate help.
 ...                                              
                                                  
l.3 –ö–∞–∫–æ
            –µ –∫–æ–ª–∏—á–µ—Å—Ç–≤–æ –∏–Ω—Ñ–æ—Ä–º–∞—Ü–∏–∏ —Å–æ–¥–µ—Ä–∂–∏—Ç—Å—...

You may provide a definition with
\DeclareUnicodeCharacter 


! Package inputenc Error: Unicode character –µ (U+0435)
(inputenc)                not set up for use with LaTeX.

See the inputenc package documentation for explanation.
Type  H <return>  for immediate help.
 ...                                              
                                                  
l.3 –ö–∞–∫–æ–µ
               –∫–æ–ª–∏—á–µ—Å—Ç–≤–æ –∏–Ω—Ñ–æ—Ä–º–∞—Ü–∏–∏ —Å–æ–¥–µ—Ä–∂–∏—Ç—Å—...

You may provide a definition with
\DeclareUnicodeCharacter 


! Package inputenc Error: Unicode character –∫ (U+043A)
(inputenc)                not set up for use with LaTeX.

See the inputenc package documentation for explanation.
Type  H <return>  for immediate help.
 ...                                              
                                                  
l.3 –ö–∞–∫–æ–µ –∫
                 –æ–ª–∏—á–µ—Å—Ç–≤–æ –∏–Ω—Ñ–æ—Ä–º–∞—Ü–∏–∏ —Å–æ–¥–µ—Ä–∂–∏—Ç—Å—...

You may provide a definition with
\DeclareUnicodeCharacter 


! Package inputenc Error: Unicode character –æ (U+043E)
(inputenc)                not set up for use with LaTeX.

See the inputenc package documentation for explanation.
Type  H <return>  for immediate help.
 ...                                              
                                                  
l.3 –ö–∞–∫–æ–µ –∫–æ
                   –ª–∏—á–µ—Å—Ç–≤–æ –∏–Ω—Ñ–æ—Ä–º–∞—Ü–∏–∏ —Å–æ–¥–µ—Ä–∂–∏—Ç—Å—...

You may provide a definition with
\DeclareUnicodeCharacter 


! Package inputenc Error: Unicode character –ª (U+043B)
(inputenc)                not set up for use with LaTeX.

See the inputenc package documentation for explanation.
Type  H <return>  for immediate help.
 ...                                              
                                                  
l.3 –ö–∞–∫–æ–µ –∫–æ–ª
                     –∏—á–µ—Å—Ç–≤–æ –∏–Ω—Ñ–æ—Ä–º–∞—Ü–∏–∏ —Å–æ–¥–µ—Ä–∂–∏—Ç—Å—...

You may provide a definition with
\DeclareUnicodeCharacter 


! Package inputenc Error: Unicode character –∏ (U+0438)
(inputenc)                not set up for use with LaTeX.

See the inputenc package documentation for explanation.
Type  H <return>  for immediate help.
 ...                                              
                                                  
l.3 –ö–∞–∫–æ–µ –∫–æ–ª–∏
                       —á–µ—Å—Ç–≤–æ –∏–Ω—Ñ–æ—Ä–º–∞—Ü–∏–∏ —Å–æ–¥–µ—Ä–∂–∏—Ç—Å—...

You may provide a definition with
\DeclareUnicodeCharacter 


! Package inputenc Error: Unicode character —á (U+0447)
(inputenc)                not set up for use with LaTeX.

See the inputenc package documentation for explanation.
Type  H <return>  for immediate help.
 ...                                              
                                                  
l.3 –ö–∞–∫–æ–µ –∫–æ–ª–∏—á
                         –µ—Å—Ç–≤–æ –∏–Ω—Ñ–æ—Ä–º–∞—Ü–∏–∏ —Å–æ–¥–µ—Ä–∂–∏—Ç—Å—...

You may provide a definition with
\DeclareUnicodeCharacter 


! Package inputenc Error: Unicode character –µ (U+0435)
(inputenc)                not set up for use with LaTeX.

See the inputenc package documentation for explanation.
Type  H <return>  for immediate help.
 ...                                              
                                                  
l.3 –ö–∞–∫–æ–µ –∫–æ–ª–∏—á–µ
                           —Å—Ç–≤–æ –∏–Ω—Ñ–æ—Ä–º–∞—Ü–∏–∏ —Å–æ–¥–µ—Ä–∂–∏—Ç—Å—...

You may provide a definition with
\DeclareUnicodeCharacter 


! Package inputenc Error: Unicode character —Å (U+0441)
(inputenc)                not set up for use with LaTeX.

See the inputenc package documentation for explanation.
Type  H <return>  for immediate help.
 ...                                              
                                                  
l.3 –ö–∞–∫–æ–µ –∫–æ–ª–∏—á–µ—Å
                             —Ç–≤–æ –∏–Ω—Ñ–æ—Ä–º–∞—Ü–∏–∏ —Å–æ–¥–µ—Ä–∂–∏—Ç—Å—...

You may provide a definition with
\DeclareUnicodeCharacter 


! Package inputenc Error: Unicode character —Ç (U+0442)
(inputenc)                not set up for use with LaTeX.

See the inputenc package documentation for explanation.
Type  H <return>  for immediate help.
 ...                                              
                                                  
l.3 –ö–∞–∫–æ–µ –∫–æ–ª–∏—á–µ—Å—Ç
                               –≤–æ –∏–Ω—Ñ–æ—Ä–º–∞—Ü–∏–∏ —Å–æ–¥–µ—Ä–∂–∏—Ç—Å—...

You may provide a definition with
\DeclareUnicodeCharacter 


! Package inputenc Error: Unicode character –≤ (U+0432)
(inputenc)                not set up for use with LaTeX.

See the inputenc package documentation for explanation.
Type  H <return>  for immediate help.
 ...                                              
                                                  
l.3 –ö–∞–∫–æ–µ –∫–æ–ª–∏—á–µ—Å—Ç–≤
                                 –æ –∏–Ω—Ñ–æ—Ä–º–∞—Ü–∏–∏ —Å–æ–¥–µ—Ä–∂–∏—Ç—Å—...

You may provide a definition with
\DeclareUnicodeCharacter 


! Package inputenc Error: Unicode character –æ (U+043E)
(inputenc)                not set up for use with LaTeX.

See the inputenc package documentation for explanation.
Type  H <return>  for immediate help.
 ...                                              
                                                  
l.3 –ö–∞–∫–æ–µ –∫–æ–ª–∏—á–µ—Å—Ç–≤–æ
                                    –∏–Ω—Ñ–æ—Ä–º–∞—Ü–∏–∏ —Å–æ–¥–µ—Ä–∂–∏—Ç—Å—...

You may provide a definition with
\DeclareUnicodeCharacter 


! Package inputenc Error: Unicode character –∏ (U+0438)
(inputenc)                not set up for use with LaTeX.

See the inputenc package documentation for explanation.
Type  H <return>  for immediate help.
 ...                                              
                                                  
l.3 –ö–∞–∫–æ–µ –∫–æ–ª–∏—á–µ—Å—Ç–≤–æ –∏
                                      –Ω—Ñ–æ—Ä–º–∞—Ü–∏–∏ —Å–æ–¥–µ—Ä–∂–∏—Ç—Å—...

You may provide a definition with
\DeclareUnicodeCharacter 


! Package inputenc Error: Unicode character –Ω (U+043D)
(inputenc)                not set up for use with LaTeX.

See the inputenc package documentation for explanation.
Type  H <return>  for immediate help.
 ...                                              
                                                  
l.3 –ö–∞–∫–æ–µ –∫–æ–ª–∏—á–µ—Å—Ç–≤–æ –∏–Ω
                                        —Ñ–æ—Ä–º–∞—Ü–∏–∏ —Å–æ–¥–µ—Ä–∂–∏—Ç—Å—...

You may provide a definition with
\DeclareUnicodeCharacter 


! Package inputenc Error: Unicode character —Ñ (U+0444)
(inputenc)                not set up for use with LaTeX.

See the inputenc package documentation for explanation.
Type  H <return>  for immediate help.
 ...                                              
                                                  
l.3 –ö–∞–∫–æ–µ –∫–æ–ª–∏—á–µ—Å—Ç–≤–æ –∏–Ω—Ñ
                                          –æ—Ä–º–∞—Ü–∏–∏ —Å–æ–¥–µ—Ä–∂–∏—Ç—Å—...

You may provide a definition with
\DeclareUnicodeCharacter 


! Package inputenc Error: Unicode character –æ (U+043E)
(inputenc)                not set up for use with LaTeX.

See the inputenc package documentation for explanation.
Type  H <return>  for immediate help.
 ...                                              
                                                  
l.3 –ö–∞–∫–æ–µ –∫–æ–ª–∏—á–µ—Å—Ç–≤–æ –∏–Ω—Ñ–æ
                                            —Ä–º–∞—Ü–∏–∏ —Å–æ–¥–µ—Ä–∂–∏—Ç—Å—...

You may provide a definition with
\DeclareUnicodeCharacter 


! Package inputenc Error: Unicode character —Ä (U+0440)
(inputenc)                not set up for use with LaTeX.

See the inputenc package documentation for explanation.
Type  H <return>  for immediate help.
 ...                                              
                                                  
l.3 –ö–∞–∫–æ–µ –∫–æ–ª–∏—á–µ—Å—Ç–≤–æ –∏–Ω—Ñ–æ—Ä
                                              –º–∞—Ü–∏–∏ —Å–æ–¥–µ—Ä–∂–∏—Ç—Å—...

You may provide a definition with
\DeclareUnicodeCharacter 


! Package inputenc Error: Unicode character –º (U+043C)
(inputenc)                not set up for use with LaTeX.

See the inputenc package documentation for explanation.
Type  H <return>  for immediate help.
 ...                                              
                                                  
l.3 –ö–∞–∫–æ–µ –∫–æ–ª–∏—á–µ—Å—Ç–≤–æ –∏–Ω—Ñ–æ—Ä–º
                                                –∞—Ü–∏–∏ —Å–æ–¥–µ—Ä–∂–∏—Ç—Å—...

You may provide a definition with
\DeclareUnicodeCharacter 


! Package inputenc Error: Unicode character –∞ (U+0430)
(inputenc)                not set up for use with LaTeX.

See the inputenc package documentation for explanation.
Type  H <return>  for immediate help.
 ...                                              
                                                  
l.3 –ö–∞–∫–æ–µ –∫–æ–ª–∏—á–µ—Å—Ç–≤–æ –∏–Ω—Ñ–æ—Ä–º–∞
                                                  —Ü–∏–∏ —Å–æ–¥–µ—Ä–∂–∏—Ç—Å—...

You may provide a definition with
\DeclareUnicodeCharacter 


! Package inputenc Error: Unicode character —Ü (U+0446)
(inputenc)                not set up for use with LaTeX.

See the inputenc package documentation for explanation.
Type  H <return>  for immediate help.
 ...                                              
                                                  
l.3 ...∫–æ–µ –∫–æ–ª–∏—á–µ—Å—Ç–≤–æ –∏–Ω—Ñ–æ—Ä–º–∞—Ü
                                                  –∏–∏ —Å–æ–¥–µ—Ä–∂–∏—Ç—Å—è ...

You may provide a definition with
\DeclareUnicodeCharacter 


! Package inputenc Error: Unicode character –∏ (U+0438)
(inputenc)                not set up for use with LaTeX.

See the inputenc package documentation for explanation.
Type  H <return>  for immediate help.
 ...                                              
                                                  
l.3 ...æ–µ –∫–æ–ª–∏—á–µ—Å—Ç–≤–æ –∏–Ω—Ñ–æ—Ä–º–∞—Ü–∏
                                                  –∏ —Å–æ–¥–µ—Ä–∂–∏—Ç—Å—è –≤...

You may provide a definition with
\DeclareUnicodeCharacter 


! Package inputenc Error: Unicode character –∏ (U+0438)
(inputenc)                not set up for use with LaTeX.

See the inputenc package documentation for explanation.
Type  H <return>  for immediate help.
 ...                                              
                                                  
l.3 ...µ –∫–æ–ª–∏—á–µ—Å—Ç–≤–æ –∏–Ω—Ñ–æ—Ä–º–∞—Ü–∏–∏
                                                   —Å–æ–¥–µ—Ä–∂–∏—Ç—Å—è –≤ —...

You may provide a definition with
\DeclareUnicodeCharacter 


! Package inputenc Error: Unicode character —Å (U+0441)
(inputenc)                not set up for use with LaTeX.

See the inputenc package documentation for explanation.
Type  H <return>  for immediate help.
 ...                                              
                                                  
l.3 ...∫–æ–ª–∏—á–µ—Å—Ç–≤–æ –∏–Ω—Ñ–æ—Ä–º–∞—Ü–∏–∏ —Å
                                                  –æ–¥–µ—Ä–∂–∏—Ç—Å—è –≤ —ç–∫...

You may provide a definition with
\DeclareUnicodeCharacter 


! Package inputenc Error: Unicode character –æ (U+043E)
(inputenc)                not set up for use with LaTeX.

See the inputenc package documentation for explanation.
Type  H <return>  for immediate help.
 ...                                              
                                                  
l.3 ...æ–ª–∏—á–µ—Å—Ç–≤–æ –∏–Ω—Ñ–æ—Ä–º–∞—Ü–∏–∏ —Å–æ
                                                  –¥–µ—Ä–∂–∏—Ç—Å—è –≤ —ç–∫—Å...

You may provide a definition with
\DeclareUnicodeCharacter 


! Package inputenc Error: Unicode character –¥ (U+0434)
(inputenc)                not set up for use with LaTeX.

See the inputenc package documentation for explanation.
Type  H <return>  for immediate help.
 ...                                              
                                                  
l.3 ...ª–∏—á–µ—Å—Ç–≤–æ –∏–Ω—Ñ–æ—Ä–º–∞—Ü–∏–∏ —Å–æ–¥
                                                  –µ—Ä–∂–∏—Ç—Å—è –≤ —ç–∫—Å–ø...

You may provide a definition with
\DeclareUnicodeCharacter 


! Package inputenc Error: Unicode character –µ (U+0435)
(inputenc)                not set up for use with LaTeX.

See the inputenc package documentation for explanation.
Type  H <return>  for immediate help.
 ...                                              
                                                  
l.3 ...∏—á–µ—Å—Ç–≤–æ –∏–Ω—Ñ–æ—Ä–º–∞—Ü–∏–∏ —Å–æ–¥–µ
                                                  —Ä–∂–∏—Ç—Å—è –≤ —ç–∫—Å–ø–µ...

You may provide a definition with
\DeclareUnicodeCharacter 


! Package inputenc Error: Unicode character —Ä (U+0440)
(inputenc)                not set up for use with LaTeX.

See the inputenc package documentation for explanation.
Type  H <return>  for immediate help.
 ...                                              
                                                  
l.3 ...á–µ—Å—Ç–≤–æ –∏–Ω—Ñ–æ—Ä–º–∞—Ü–∏–∏ —Å–æ–¥–µ—Ä
                                                  –∂–∏—Ç—Å—è –≤ —ç–∫—Å–ø–µ—Ä...

You may provide a definition with
\DeclareUnicodeCharacter 


! Package inputenc Error: Unicode character –∂ (U+0436)
(inputenc)                not set up for use with LaTeX.

See the inputenc package documentation for explanation.
Type  H <return>  for immediate help.
 ...                                              
                                                  
l.3 ...µ—Å—Ç–≤–æ –∏–Ω—Ñ–æ—Ä–º–∞—Ü–∏–∏ —Å–æ–¥–µ—Ä–∂
                                                  –∏—Ç—Å—è –≤ —ç–∫—Å–ø–µ—Ä–∏...

You may provide a definition with
\DeclareUnicodeCharacter 


! Package inputenc Error: Unicode character –∏ (U+0438)
(inputenc)                not set up for use with LaTeX.

See the inputenc package documentation for explanation.
Type  H <return>  for immediate help.
 ...                                              
                                                  
l.3 ...Å—Ç–≤–æ –∏–Ω—Ñ–æ—Ä–º–∞—Ü–∏–∏ —Å–æ–¥–µ—Ä–∂–∏
                                                  —Ç—Å—è –≤ —ç–∫—Å–ø–µ—Ä–∏–º...

You may provide a definition with
\DeclareUnicodeCharacter 


! Package inputenc Error: Unicode character —Ç (U+0442)
(inputenc)                not set up for use with LaTeX.

See the inputenc package documentation for explanation.
Type  H <return>  for immediate help.
 ...                                              
                                                  
l.3 ...Ç–≤–æ –∏–Ω—Ñ–æ—Ä–º–∞—Ü–∏–∏ —Å–æ–¥–µ—Ä–∂–∏—Ç
                                                  —Å—è –≤ —ç–∫—Å–ø–µ—Ä–∏–º–µ...

You may provide a definition with
\DeclareUnicodeCharacter 


! Package inputenc Error: Unicode character —Å (U+0441)
(inputenc)                not set up for use with LaTeX.

See the inputenc package documentation for explanation.
Type  H <return>  for immediate help.
 ...                                              
                                                  
l.3 ...≤–æ –∏–Ω—Ñ–æ—Ä–º–∞—Ü–∏–∏ —Å–æ–¥–µ—Ä–∂–∏—Ç—Å
                                                  —è –≤ —ç–∫—Å–ø–µ—Ä–∏–º–µ–Ω...

You may provide a definition with
\DeclareUnicodeCharacter 


! Package inputenc Error: Unicode character —è (U+044F)
(inputenc)                not set up for use with LaTeX.

See the inputenc package documentation for explanation.
Type  H <return>  for immediate help.
 ...                                              
                                                  
l.3 ...æ –∏–Ω—Ñ–æ—Ä–º–∞—Ü–∏–∏ —Å–æ–¥–µ—Ä–∂–∏—Ç—Å—è
                                                   –≤ —ç–∫—Å–ø–µ—Ä–∏–º–µ–Ω—Ç...

You may provide a definition with
\DeclareUnicodeCharacter 


! Package inputenc Error: Unicode character –≤ (U+0432)
(inputenc)                not set up for use with LaTeX.

See the inputenc package documentation for explanation.
Type  H <return>  for immediate help.
 ...                                              
                                                  
l.3 ...∏–Ω—Ñ–æ—Ä–º–∞—Ü–∏–∏ —Å–æ–¥–µ—Ä–∂–∏—Ç—Å—è –≤
                                                   —ç–∫—Å–ø–µ—Ä–∏–º–µ–Ω—Ç–µ ...

You may provide a definition with
\DeclareUnicodeCharacter 


! Package inputenc Error: Unicode character —ç (U+044D)
(inputenc)                not set up for use with LaTeX.

See the inputenc package documentation for explanation.
Type  H <return>  for immediate help.
 ...                                              
                                                  
l.3 ...—Ñ–æ—Ä–º–∞—Ü–∏–∏ —Å–æ–¥–µ—Ä–∂–∏—Ç—Å—è –≤ —ç
                                                  –∫—Å–ø–µ—Ä–∏–º–µ–Ω—Ç–µ (–≠...

You may provide a definition with
\DeclareUnicodeCharacter 


! Package inputenc Error: Unicode character –∫ (U+043A)
(inputenc)                not set up for use with LaTeX.

See the inputenc package documentation for explanation.
Type  H <return>  for immediate help.
 ...                                              
                                                  
l.3 ...–æ—Ä–º–∞—Ü–∏–∏ —Å–æ–¥–µ—Ä–∂–∏—Ç—Å—è –≤ —ç–∫
                                                  —Å–ø–µ—Ä–∏–º–µ–Ω—Ç–µ (–≠)?\\
You may provide a definition with
\DeclareUnicodeCharacter 


! Package inputenc Error: Unicode character —Å (U+0441)
(inputenc)                not set up for use with LaTeX.

See the inputenc package documentation for explanation.
Type  H <return>  for immediate help.
 ...                                              
                                                  
l.3 ...—Ä–º–∞—Ü–∏–∏ —Å–æ–¥–µ—Ä–∂–∏—Ç—Å—è –≤ —ç–∫—Å
                                                  –ø–µ—Ä–∏–º–µ–Ω—Ç–µ (–≠)?\\
You may provide a definition with
\DeclareUnicodeCharacter 


! Package inputenc Error: Unicode character –ø (U+043F)
(inputenc)                not set up for use with LaTeX.

See the inputenc package documentation for explanation.
Type  H <return>  for immediate help.
 ...                                              
                                                  
l.3 ...–º–∞—Ü–∏–∏ —Å–æ–¥–µ—Ä–∂–∏—Ç—Å—è –≤ —ç–∫—Å–ø
                                                  –µ—Ä–∏–º–µ–Ω—Ç–µ (–≠)?\\
You may provide a definition with
\DeclareUnicodeCharacter 


! Package inputenc Error: Unicode character –µ (U+0435)
(inputenc)                not set up for use with LaTeX.

See the inputenc package documentation for explanation.
Type  H <return>  for immediate help.
 ...                                              
                                                  
l.3 ...–∞—Ü–∏–∏ —Å–æ–¥–µ—Ä–∂–∏—Ç—Å—è –≤ —ç–∫—Å–ø–µ
                                                  —Ä–∏–º–µ–Ω—Ç–µ (–≠)?\\
You may provide a definition with
\DeclareUnicodeCharacter 


! Package inputenc Error: Unicode character —Ä (U+0440)
(inputenc)                not set up for use with LaTeX.

See the inputenc package documentation for explanation.
Type  H <return>  for immediate help.
 ...                                              
                                                  
l.3 ...—Ü–∏–∏ —Å–æ–¥–µ—Ä–∂–∏—Ç—Å—è –≤ —ç–∫—Å–ø–µ—Ä
                                                  –∏–º–µ–Ω—Ç–µ (–≠)?\\
You may provide a definition with
\DeclareUnicodeCharacter 


! Package inputenc Error: Unicode character –∏ (U+0438)
(inputenc)                not set up for use with LaTeX.

See the inputenc package documentation for explanation.
Type  H <return>  for immediate help.
 ...                                              
                                                  
l.3 ...–∏–∏ —Å–æ–¥–µ—Ä–∂–∏—Ç—Å—è –≤ —ç–∫—Å–ø–µ—Ä–∏
                                                  –º–µ–Ω—Ç–µ (–≠)?\\
You may provide a definition with
\DeclareUnicodeCharacter 


! Package inputenc Error: Unicode character –º (U+043C)
(inputenc)                not set up for use with LaTeX.

See the inputenc package documentation for explanation.
Type  H <return>  for immediate help.
 ...                                              
                                                  
l.3 ...–∏ —Å–æ–¥–µ—Ä–∂–∏—Ç—Å—è –≤ —ç–∫—Å–ø–µ—Ä–∏–º
                                                  –µ–Ω—Ç–µ (–≠)?\\
You may provide a definition with
\DeclareUnicodeCharacter 


! Package inputenc Error: Unicode character –µ (U+0435)
(inputenc)                not set up for use with LaTeX.

See the inputenc package documentation for explanation.
Type  H <return>  for immediate help.
 ...                                              
                                                  
l.3 ... —Å–æ–¥–µ—Ä–∂–∏—Ç—Å—è –≤ —ç–∫—Å–ø–µ—Ä–∏–º–µ
                                                  –Ω—Ç–µ (–≠)?\\
You may provide a definition with
\DeclareUnicodeCharacter 


! Package inputenc Error: Unicode character –Ω (U+043D)
(inputenc)                not set up for use with LaTeX.

See the inputenc package documentation for explanation.
Type  H <return>  for immediate help.
 ...                                              
                                                  
l.3 ...Å–æ–¥–µ—Ä–∂–∏—Ç—Å—è –≤ —ç–∫—Å–ø–µ—Ä–∏–º–µ–Ω
                                                  —Ç–µ (–≠)?\\
You may provide a definition with
\DeclareUnicodeCharacter 


! Package inputenc Error: Unicode character —Ç (U+0442)
(inputenc)                not set up for use with LaTeX.

See the inputenc package documentation for explanation.
Type  H <return>  for immediate help.
 ...                                              
                                                  
l.3 ...æ–¥–µ—Ä–∂–∏—Ç—Å—è –≤ —ç–∫—Å–ø–µ—Ä–∏–º–µ–Ω—Ç
                                                  –µ (–≠)?\\
You may provide a definition with
\DeclareUnicodeCharacter 


! Package inputenc Error: Unicode character –µ (U+0435)
(inputenc)                not set up for use with LaTeX.

See the inputenc package documentation for explanation.
Type  H <return>  for immediate help.
 ...                                              
                                                  
l.3 ...¥–µ—Ä–∂–∏—Ç—Å—è –≤ —ç–∫—Å–ø–µ—Ä–∏–º–µ–Ω—Ç–µ
                                                   (–≠)?\\
You may provide a definition with
\DeclareUnicodeCharacter 

Missing character: There is no ( in font nullfont!

! Package inputenc Error: Unicode character –≠ (U+042D)
(inputenc)                not set up for use with LaTeX.

See the inputenc package documentation for explanation.
Type  H <return>  for immediate help.
 ...                                              
                                                  
l.3 ...Ä–∂–∏—Ç—Å—è –≤ —ç–∫—Å–ø–µ—Ä–∏–º–µ–Ω—Ç–µ (–≠
                                                  )?\\
You may provide a definition with
\DeclareUnicodeCharacter 

Missing character: There is no ) in font nullfont!
Missing character: There is no ? in font nullfont!
! Undefined control sequence.
l.5 \color
          [rgb]{0,0.7,0.4}
The control sequence at the end of the top line
of your error message was never \def'ed. If you have
misspelled it (e.g., `\hobx'), type `I' and the correct
spelling (e.g., `I\hbox'). Otherwise just continue,
and I'll forget about whatever was undefined.

Missing character: There is no [ in font nullfont!
Missing character: There is no r in font nullfont!
Missing character: There is no g in font nullfont!
Missing character: There is no b in font nullfont!
Missing character: There is no ] in font nullfont!
Missing character: There is no 0 in font nullfont!
Missing character: There is no , in font nullfont!
Missing character: There is no 0 in font nullfont!
Missing character: There is no . in font nullfont!
Missing character: There is no 7 in font nullfont!
Missing character: There is no , in font nullfont!
Missing character: There is no 0 in font nullfont!
Missing character: There is no . in font nullfont!
Missing character: There is no 4 in font nullfont!

! Package inputenc Error: Unicode character –ê (U+0410)
(inputenc)                not set up for use with LaTeX.

See the inputenc package documentation for explanation.
Type  H <return>  for immediate help.
 ...                                              
                                                  
l.6 \noindent\textbf{–ê–¥–¥–∏—Ç–∏–≤–Ω–æ—Å—Ç—å:}
                                               \\
You may provide a definition with
\DeclareUnicodeCharacter 


! Package inputenc Error: Unicode character –¥ (U+0434)
(inputenc)                not set up for use with LaTeX.

See the inputenc package documentation for explanation.
Type  H <return>  for immediate help.
 ...                                              
                                                  
l.6 \noindent\textbf{–ê–¥–¥–∏—Ç–∏–≤–Ω–æ—Å—Ç—å:}
                                               \\
You may provide a definition with
\DeclareUnicodeCharacter 


! Package inputenc Error: Unicode character –¥ (U+0434)
(inputenc)                not set up for use with LaTeX.

See the inputenc package documentation for explanation.
Type  H <return>  for immediate help.
 ...                                              
                                                  
l.6 \noindent\textbf{–ê–¥–¥–∏—Ç–∏–≤–Ω–æ—Å—Ç—å:}
                                               \\
You may provide a definition with
\DeclareUnicodeCharacter 


! Package inputenc Error: Unicode character –∏ (U+0438)
(inputenc)                not set up for use with LaTeX.

See the inputenc package documentation for explanation.
Type  H <return>  for immediate help.
 ...                                              
                                                  
l.6 \noindent\textbf{–ê–¥–¥–∏—Ç–∏–≤–Ω–æ—Å—Ç—å:}
                                               \\
You may provide a definition with
\DeclareUnicodeCharacter 


! Package inputenc Error: Unicode character —Ç (U+0442)
(inputenc)                not set up for use with LaTeX.

See the inputenc package documentation for explanation.
Type  H <return>  for immediate help.
 ...                                              
                                                  
l.6 \noindent\textbf{–ê–¥–¥–∏—Ç–∏–≤–Ω–æ—Å—Ç—å:}
                                               \\
You may provide a definition with
\DeclareUnicodeCharacter 


! Package inputenc Error: Unicode character –∏ (U+0438)
(inputenc)                not set up for use with LaTeX.

See the inputenc package documentation for explanation.
Type  H <return>  for immediate help.
 ...                                              
                                                  
l.6 \noindent\textbf{–ê–¥–¥–∏—Ç–∏–≤–Ω–æ—Å—Ç—å:}
                                               \\
You may provide a definition with
\DeclareUnicodeCharacter 


! Package inputenc Error: Unicode character –≤ (U+0432)
(inputenc)                not set up for use with LaTeX.

See the inputenc package documentation for explanation.
Type  H <return>  for immediate help.
 ...                                              
                                                  
l.6 \noindent\textbf{–ê–¥–¥–∏—Ç–∏–≤–Ω–æ—Å—Ç—å:}
                                               \\
You may provide a definition with
\DeclareUnicodeCharacter 


! Package inputenc Error: Unicode character –Ω (U+043D)
(inputenc)                not set up for use with LaTeX.

See the inputenc package documentation for explanation.
Type  H <return>  for immediate help.
 ...                                              
                                                  
l.6 \noindent\textbf{–ê–¥–¥–∏—Ç–∏–≤–Ω–æ—Å—Ç—å:}
                                               \\
(That makes 100 errors; please try again.) 
Here is how much of TeX's memory you used:
 47 strings out of 479697
 791 string characters out of 2866658
 266137 words of memory out of 3000000
 17239 multiletter control sequences out of 15000+200000
 403738 words of font info for 28 fonts, out of 3000000 for 9000
 1141 hyphenation exceptions out of 8191
 13i,3n,15p,131b,108s stack positions out of 5000i,500n,10000p,200000b,50000s

!  ==> Fatal error occurred, no output PDF file produced!
