This is pdfTeX, Version 3.14159265-2.6-1.40.21 (MiKTeX 20.11) (preloaded format=pdflatex 2020.12.9)  10 DEC 2020 15:26
entering extended mode
**./frame16.tex
(frame16.tex
LaTeX2e <2020-10-01> patch level 2
L3 programming layer <2020-12-03> xparse <2020-03-03>

! LaTeX Error: Missing \begin{document}.

See the LaTeX manual or LaTeX Companion for explanation.
Type  H <return>  for immediate help.
 ...                                              
                                                  
l.1 ...º–µ—Ä—ã –•–∞—Ä—Ç–ª–∏ –Ω–∞ –ø—Ä–∞–∫—Ç–∏–∫–µ}
                                                  
You're in trouble here.  Try typing  <return>  to proceed.
If that doesn't work, type  X <return>  to quit.


! Package inputenc Error: Unicode character –ü (U+041F)
(inputenc)                not set up for use with LaTeX.

See the inputenc package documentation for explanation.
Type  H <return>  for immediate help.
 ...                                              
                                                  
l.1 ...º–µ—Ä—ã –•–∞—Ä—Ç–ª–∏ –Ω–∞ –ø—Ä–∞–∫—Ç–∏–∫–µ}
                                                  
You may provide a definition with
\DeclareUnicodeCharacter 


! Package inputenc Error: Unicode character —Ä (U+0440)
(inputenc)                not set up for use with LaTeX.

See the inputenc package documentation for explanation.
Type  H <return>  for immediate help.
 ...                                              
                                                  
l.1 ...º–µ—Ä—ã –•–∞—Ä—Ç–ª–∏ –Ω–∞ –ø—Ä–∞–∫—Ç–∏–∫–µ}
                                                  
You may provide a definition with
\DeclareUnicodeCharacter 


! Package inputenc Error: Unicode character –∏ (U+0438)
(inputenc)                not set up for use with LaTeX.

See the inputenc package documentation for explanation.
Type  H <return>  for immediate help.
 ...                                              
                                                  
l.1 ...º–µ—Ä—ã –•–∞—Ä—Ç–ª–∏ –Ω–∞ –ø—Ä–∞–∫—Ç–∏–∫–µ}
                                                  
You may provide a definition with
\DeclareUnicodeCharacter 


! Package inputenc Error: Unicode character –º (U+043C)
(inputenc)                not set up for use with LaTeX.

See the inputenc package documentation for explanation.
Type  H <return>  for immediate help.
 ...                                              
                                                  
l.1 ...º–µ—Ä—ã –•–∞—Ä—Ç–ª–∏ –Ω–∞ –ø—Ä–∞–∫—Ç–∏–∫–µ}
                                                  
You may provide a definition with
\DeclareUnicodeCharacter 


! Package inputenc Error: Unicode character –µ (U+0435)
(inputenc)                not set up for use with LaTeX.

See the inputenc package documentation for explanation.
Type  H <return>  for immediate help.
 ...                                              
                                                  
l.1 ...º–µ—Ä—ã –•–∞—Ä—Ç–ª–∏ –Ω–∞ –ø—Ä–∞–∫—Ç–∏–∫–µ}
                                                  
You may provide a definition with
\DeclareUnicodeCharacter 


! Package inputenc Error: Unicode character —Ä (U+0440)
(inputenc)                not set up for use with LaTeX.

See the inputenc package documentation for explanation.
Type  H <return>  for immediate help.
 ...                                              
                                                  
l.1 ...º–µ—Ä—ã –•–∞—Ä—Ç–ª–∏ –Ω–∞ –ø—Ä–∞–∫—Ç–∏–∫–µ}
                                                  
You may provide a definition with
\DeclareUnicodeCharacter 


! Package inputenc Error: Unicode character –ø (U+043F)
(inputenc)                not set up for use with LaTeX.

See the inputenc package documentation for explanation.
Type  H <return>  for immediate help.
 ...                                              
                                                  
l.1 ...º–µ—Ä—ã –•–∞—Ä—Ç–ª–∏ –Ω–∞ –ø—Ä–∞–∫—Ç–∏–∫–µ}
                                                  
You may provide a definition with
\DeclareUnicodeCharacter 


! Package inputenc Error: Unicode character —Ä (U+0440)
(inputenc)                not set up for use with LaTeX.

See the inputenc package documentation for explanation.
Type  H <return>  for immediate help.
 ...                                              
                                                  
l.1 ...º–µ—Ä—ã –•–∞—Ä—Ç–ª–∏ –Ω–∞ –ø—Ä–∞–∫—Ç–∏–∫–µ}
                                                  
You may provide a definition with
\DeclareUnicodeCharacter 


! Package inputenc Error: Unicode character –∏ (U+0438)
(inputenc)                not set up for use with LaTeX.

See the inputenc package documentation for explanation.
Type  H <return>  for immediate help.
 ...                                              
                                                  
l.1 ...º–µ—Ä—ã –•–∞—Ä—Ç–ª–∏ –Ω–∞ –ø—Ä–∞–∫—Ç–∏–∫–µ}
                                                  
You may provide a definition with
\DeclareUnicodeCharacter 


! Package inputenc Error: Unicode character –º (U+043C)
(inputenc)                not set up for use with LaTeX.

See the inputenc package documentation for explanation.
Type  H <return>  for immediate help.
 ...                                              
                                                  
l.1 ...º–µ—Ä—ã –•–∞—Ä—Ç–ª–∏ –Ω–∞ –ø—Ä–∞–∫—Ç–∏–∫–µ}
                                                  
You may provide a definition with
\DeclareUnicodeCharacter 


! Package inputenc Error: Unicode character –µ (U+0435)
(inputenc)                not set up for use with LaTeX.

See the inputenc package documentation for explanation.
Type  H <return>  for immediate help.
 ...                                              
                                                  
l.1 ...º–µ—Ä—ã –•–∞—Ä—Ç–ª–∏ –Ω–∞ –ø—Ä–∞–∫—Ç–∏–∫–µ}
                                                  
You may provide a definition with
\DeclareUnicodeCharacter 


! Package inputenc Error: Unicode character –Ω (U+043D)
(inputenc)                not set up for use with LaTeX.

See the inputenc package documentation for explanation.
Type  H <return>  for immediate help.
 ...                                              
                                                  
l.1 ...º–µ—Ä—ã –•–∞—Ä—Ç–ª–∏ –Ω–∞ –ø—Ä–∞–∫—Ç–∏–∫–µ}
                                                  
You may provide a definition with
\DeclareUnicodeCharacter 


! Package inputenc Error: Unicode character –µ (U+0435)
(inputenc)                not set up for use with LaTeX.

See the inputenc package documentation for explanation.
Type  H <return>  for immediate help.
 ...                                              
                                                  
l.1 ...º–µ—Ä—ã –•–∞—Ä—Ç–ª–∏ –Ω–∞ –ø—Ä–∞–∫—Ç–∏–∫–µ}
                                                  
You may provide a definition with
\DeclareUnicodeCharacter 


! Package inputenc Error: Unicode character –Ω (U+043D)
(inputenc)                not set up for use with LaTeX.

See the inputenc package documentation for explanation.
Type  H <return>  for immediate help.
 ...                                              
                                                  
l.1 ...º–µ—Ä—ã –•–∞—Ä—Ç–ª–∏ –Ω–∞ –ø—Ä–∞–∫—Ç–∏–∫–µ}
                                                  
You may provide a definition with
\DeclareUnicodeCharacter 


! Package inputenc Error: Unicode character –∏ (U+0438)
(inputenc)                not set up for use with LaTeX.

See the inputenc package documentation for explanation.
Type  H <return>  for immediate help.
 ...                                              
                                                  
l.1 ...º–µ—Ä—ã –•–∞—Ä—Ç–ª–∏ –Ω–∞ –ø—Ä–∞–∫—Ç–∏–∫–µ}
                                                  
You may provide a definition with
\DeclareUnicodeCharacter 


! Package inputenc Error: Unicode character —è (U+044F)
(inputenc)                not set up for use with LaTeX.

See the inputenc package documentation for explanation.
Type  H <return>  for immediate help.
 ...                                              
                                                  
l.1 ...º–µ—Ä—ã –•–∞—Ä—Ç–ª–∏ –Ω–∞ –ø—Ä–∞–∫—Ç–∏–∫–µ}
                                                  
You may provide a definition with
\DeclareUnicodeCharacter 


! Package inputenc Error: Unicode character –º (U+043C)
(inputenc)                not set up for use with LaTeX.

See the inputenc package documentation for explanation.
Type  H <return>  for immediate help.
 ...                                              
                                                  
l.1 ...º–µ—Ä—ã –•–∞—Ä—Ç–ª–∏ –Ω–∞ –ø—Ä–∞–∫—Ç–∏–∫–µ}
                                                  
You may provide a definition with
\DeclareUnicodeCharacter 


! Package inputenc Error: Unicode character –µ (U+0435)
(inputenc)                not set up for use with LaTeX.

See the inputenc package documentation for explanation.
Type  H <return>  for immediate help.
 ...                                              
                                                  
l.1 ...º–µ—Ä—ã –•–∞—Ä—Ç–ª–∏ –Ω–∞ –ø—Ä–∞–∫—Ç–∏–∫–µ}
                                                  
You may provide a definition with
\DeclareUnicodeCharacter 


! Package inputenc Error: Unicode character —Ä (U+0440)
(inputenc)                not set up for use with LaTeX.

See the inputenc package documentation for explanation.
Type  H <return>  for immediate help.
 ...                                              
                                                  
l.1 ...º–µ—Ä—ã –•–∞—Ä—Ç–ª–∏ –Ω–∞ –ø—Ä–∞–∫—Ç–∏–∫–µ}
                                                  
You may provide a definition with
\DeclareUnicodeCharacter 


! Package inputenc Error: Unicode character —ã (U+044B)
(inputenc)                not set up for use with LaTeX.

See the inputenc package documentation for explanation.
Type  H <return>  for immediate help.
 ...                                              
                                                  
l.1 ...º–µ—Ä—ã –•–∞—Ä—Ç–ª–∏ –Ω–∞ –ø—Ä–∞–∫—Ç–∏–∫–µ}
                                                  
You may provide a definition with
\DeclareUnicodeCharacter 


! Package inputenc Error: Unicode character –• (U+0425)
(inputenc)                not set up for use with LaTeX.

See the inputenc package documentation for explanation.
Type  H <return>  for immediate help.
 ...                                              
                                                  
l.1 ...º–µ—Ä—ã –•–∞—Ä—Ç–ª–∏ –Ω–∞ –ø—Ä–∞–∫—Ç–∏–∫–µ}
                                                  
You may provide a definition with
\DeclareUnicodeCharacter 


! Package inputenc Error: Unicode character –∞ (U+0430)
(inputenc)                not set up for use with LaTeX.

See the inputenc package documentation for explanation.
Type  H <return>  for immediate help.
 ...                                              
                                                  
l.1 ...º–µ—Ä—ã –•–∞—Ä—Ç–ª–∏ –Ω–∞ –ø—Ä–∞–∫—Ç–∏–∫–µ}
                                                  
You may provide a definition with
\DeclareUnicodeCharacter 


! Package inputenc Error: Unicode character —Ä (U+0440)
(inputenc)                not set up for use with LaTeX.

See the inputenc package documentation for explanation.
Type  H <return>  for immediate help.
 ...                                              
                                                  
l.1 ...º–µ—Ä—ã –•–∞—Ä—Ç–ª–∏ –Ω–∞ –ø—Ä–∞–∫—Ç–∏–∫–µ}
                                                  
You may provide a definition with
\DeclareUnicodeCharacter 


! Package inputenc Error: Unicode character —Ç (U+0442)
(inputenc)                not set up for use with LaTeX.

See the inputenc package documentation for explanation.
Type  H <return>  for immediate help.
 ...                                              
                                                  
l.1 ...º–µ—Ä—ã –•–∞—Ä—Ç–ª–∏ –Ω–∞ –ø—Ä–∞–∫—Ç–∏–∫–µ}
                                                  
You may provide a definition with
\DeclareUnicodeCharacter 


! Package inputenc Error: Unicode character –ª (U+043B)
(inputenc)                not set up for use with LaTeX.

See the inputenc package documentation for explanation.
Type  H <return>  for immediate help.
 ...                                              
                                                  
l.1 ...º–µ—Ä—ã –•–∞—Ä—Ç–ª–∏ –Ω–∞ –ø—Ä–∞–∫—Ç–∏–∫–µ}
                                                  
You may provide a definition with
\DeclareUnicodeCharacter 


! Package inputenc Error: Unicode character –∏ (U+0438)
(inputenc)                not set up for use with LaTeX.

See the inputenc package documentation for explanation.
Type  H <return>  for immediate help.
 ...                                              
                                                  
l.1 ...º–µ—Ä—ã –•–∞—Ä—Ç–ª–∏ –Ω–∞ –ø—Ä–∞–∫—Ç–∏–∫–µ}
                                                  
You may provide a definition with
\DeclareUnicodeCharacter 


! Package inputenc Error: Unicode character –Ω (U+043D)
(inputenc)                not set up for use with LaTeX.

See the inputenc package documentation for explanation.
Type  H <return>  for immediate help.
 ...                                              
                                                  
l.1 ...º–µ—Ä—ã –•–∞—Ä—Ç–ª–∏ –Ω–∞ –ø—Ä–∞–∫—Ç–∏–∫–µ}
                                                  
You may provide a definition with
\DeclareUnicodeCharacter 


! Package inputenc Error: Unicode character –∞ (U+0430)
(inputenc)                not set up for use with LaTeX.

See the inputenc package documentation for explanation.
Type  H <return>  for immediate help.
 ...                                              
                                                  
l.1 ...º–µ—Ä—ã –•–∞—Ä—Ç–ª–∏ –Ω–∞ –ø—Ä–∞–∫—Ç–∏–∫–µ}
                                                  
You may provide a definition with
\DeclareUnicodeCharacter 


! Package inputenc Error: Unicode character –ø (U+043F)
(inputenc)                not set up for use with LaTeX.

See the inputenc package documentation for explanation.
Type  H <return>  for immediate help.
 ...                                              
                                                  
l.1 ...º–µ—Ä—ã –•–∞—Ä—Ç–ª–∏ –Ω–∞ –ø—Ä–∞–∫—Ç–∏–∫–µ}
                                                  
You may provide a definition with
\DeclareUnicodeCharacter 


! Package inputenc Error: Unicode character —Ä (U+0440)
(inputenc)                not set up for use with LaTeX.

See the inputenc package documentation for explanation.
Type  H <return>  for immediate help.
 ...                                              
                                                  
l.1 ...º–µ—Ä—ã –•–∞—Ä—Ç–ª–∏ –Ω–∞ –ø—Ä–∞–∫—Ç–∏–∫–µ}
                                                  
You may provide a definition with
\DeclareUnicodeCharacter 


! Package inputenc Error: Unicode character –∞ (U+0430)
(inputenc)                not set up for use with LaTeX.

See the inputenc package documentation for explanation.
Type  H <return>  for immediate help.
 ...                                              
                                                  
l.1 ...º–µ—Ä—ã –•–∞—Ä—Ç–ª–∏ –Ω–∞ –ø—Ä–∞–∫—Ç–∏–∫–µ}
                                                  
You may provide a definition with
\DeclareUnicodeCharacter 


! Package inputenc Error: Unicode character –∫ (U+043A)
(inputenc)                not set up for use with LaTeX.

See the inputenc package documentation for explanation.
Type  H <return>  for immediate help.
 ...                                              
                                                  
l.1 ...º–µ—Ä—ã –•–∞—Ä—Ç–ª–∏ –Ω–∞ –ø—Ä–∞–∫—Ç–∏–∫–µ}
                                                  
You may provide a definition with
\DeclareUnicodeCharacter 


! Package inputenc Error: Unicode character —Ç (U+0442)
(inputenc)                not set up for use with LaTeX.

See the inputenc package documentation for explanation.
Type  H <return>  for immediate help.
 ...                                              
                                                  
l.1 ...º–µ—Ä—ã –•–∞—Ä—Ç–ª–∏ –Ω–∞ –ø—Ä–∞–∫—Ç–∏–∫–µ}
                                                  
You may provide a definition with
\DeclareUnicodeCharacter 


! Package inputenc Error: Unicode character –∏ (U+0438)
(inputenc)                not set up for use with LaTeX.

See the inputenc package documentation for explanation.
Type  H <return>  for immediate help.
 ...                                              
                                                  
l.1 ...º–µ—Ä—ã –•–∞—Ä—Ç–ª–∏ –Ω–∞ –ø—Ä–∞–∫—Ç–∏–∫–µ}
                                                  
You may provide a definition with
\DeclareUnicodeCharacter 


! Package inputenc Error: Unicode character –∫ (U+043A)
(inputenc)                not set up for use with LaTeX.

See the inputenc package documentation for explanation.
Type  H <return>  for immediate help.
 ...                                              
                                                  
l.1 ...º–µ—Ä—ã –•–∞—Ä—Ç–ª–∏ –Ω–∞ –ø—Ä–∞–∫—Ç–∏–∫–µ}
                                                  
You may provide a definition with
\DeclareUnicodeCharacter 


! Package inputenc Error: Unicode character –µ (U+0435)
(inputenc)                not set up for use with LaTeX.

See the inputenc package documentation for explanation.
Type  H <return>  for immediate help.
 ...                                              
                                                  
l.1 ...º–µ—Ä—ã –•–∞—Ä—Ç–ª–∏ –Ω–∞ –ø—Ä–∞–∫—Ç–∏–∫–µ}
                                                  
You may provide a definition with
\DeclareUnicodeCharacter 


! Package inputenc Error: Unicode character –ü (U+041F)
(inputenc)                not set up for use with LaTeX.

See the inputenc package documentation for explanation.
Type  H <return>  for immediate help.
 ...                                              
                                                  
l.2 \noindent\textbf{–ü—Ä–∏–º–µ—Ä 1.}
                                     
You may provide a definition with
\DeclareUnicodeCharacter 


! Package inputenc Error: Unicode character —Ä (U+0440)
(inputenc)                not set up for use with LaTeX.

See the inputenc package documentation for explanation.
Type  H <return>  for immediate help.
 ...                                              
                                                  
l.2 \noindent\textbf{–ü—Ä–∏–º–µ—Ä 1.}
                                     
You may provide a definition with
\DeclareUnicodeCharacter 


! Package inputenc Error: Unicode character –∏ (U+0438)
(inputenc)                not set up for use with LaTeX.

See the inputenc package documentation for explanation.
Type  H <return>  for immediate help.
 ...                                              
                                                  
l.2 \noindent\textbf{–ü—Ä–∏–º–µ—Ä 1.}
                                     
You may provide a definition with
\DeclareUnicodeCharacter 


! Package inputenc Error: Unicode character –º (U+043C)
(inputenc)                not set up for use with LaTeX.

See the inputenc package documentation for explanation.
Type  H <return>  for immediate help.
 ...                                              
                                                  
l.2 \noindent\textbf{–ü—Ä–∏–º–µ—Ä 1.}
                                     
You may provide a definition with
\DeclareUnicodeCharacter 


! Package inputenc Error: Unicode character –µ (U+0435)
(inputenc)                not set up for use with LaTeX.

See the inputenc package documentation for explanation.
Type  H <return>  for immediate help.
 ...                                              
                                                  
l.2 \noindent\textbf{–ü—Ä–∏–º–µ—Ä 1.}
                                     
You may provide a definition with
\DeclareUnicodeCharacter 


! Package inputenc Error: Unicode character —Ä (U+0440)
(inputenc)                not set up for use with LaTeX.

See the inputenc package documentation for explanation.
Type  H <return>  for immediate help.
 ...                                              
                                                  
l.2 \noindent\textbf{–ü—Ä–∏–º–µ—Ä 1.}
                                     
You may provide a definition with
\DeclareUnicodeCharacter 


Overfull \hbox (20.0pt too wide) in paragraph at lines 1--3
[][]
 []


Overfull \hbox (8.9444pt too wide) in paragraph at lines 1--3
\OT1/cmr/bx/n/10 1. 
 []


! LaTeX Error: Missing \begin{document}.

See the LaTeX manual or LaTeX Companion for explanation.
Type  H <return>  for immediate help.
 ...                                              
                                                  
l.4 \begin{itemize}
                   
You're in trouble here.  Try typing  <return>  to proceed.
If that doesn't work, type  X <return>  to quit.


Overfull \hbox (20.0pt too wide) in paragraph at lines 4--4
[] 
 []


! Package inputenc Error: Unicode character –ù (U+041D)
(inputenc)                not set up for use with LaTeX.

See the inputenc package documentation for explanation.
Type  H <return>  for immediate help.
 ...                                              
                                                  
l.5 	\item[\textbullet] –ù
                          –µ–æ—Ç—Ä–∏—Ü–∞—Ç–µ–ª—å–Ω–æ—Å—Ç—å: i(s) $\geq$ 0.
You may provide a definition with
\DeclareUnicodeCharacter 


! Package inputenc Error: Unicode character –µ (U+0435)
(inputenc)                not set up for use with LaTeX.

See the inputenc package documentation for explanation.
Type  H <return>  for immediate help.
 ...                                              
                                                  
l.5 	\item[\textbullet] –ù–µ
                            –æ—Ç—Ä–∏—Ü–∞—Ç–µ–ª—å–Ω–æ—Å—Ç—å: i(s) $\geq$ 0.
You may provide a definition with
\DeclareUnicodeCharacter 


! Package inputenc Error: Unicode character –æ (U+043E)
(inputenc)                not set up for use with LaTeX.

See the inputenc package documentation for explanation.
Type  H <return>  for immediate help.
 ...                                              
                                                  
l.5 	\item[\textbullet] –ù–µ–æ
                              —Ç—Ä–∏—Ü–∞—Ç–µ–ª—å–Ω–æ—Å—Ç—å: i(s) $\geq$ 0.
You may provide a definition with
\DeclareUnicodeCharacter 


! Package inputenc Error: Unicode character —Ç (U+0442)
(inputenc)                not set up for use with LaTeX.

See the inputenc package documentation for explanation.
Type  H <return>  for immediate help.
 ...                                              
                                                  
l.5 	\item[\textbullet] –ù–µ–æ—Ç
                                —Ä–∏—Ü–∞—Ç–µ–ª—å–Ω–æ—Å—Ç—å: i(s) $\geq$ 0.
You may provide a definition with
\DeclareUnicodeCharacter 


! Package inputenc Error: Unicode character —Ä (U+0440)
(inputenc)                not set up for use with LaTeX.

See the inputenc package documentation for explanation.
Type  H <return>  for immediate help.
 ...                                              
                                                  
l.5 	\item[\textbullet] –ù–µ–æ—Ç—Ä
                                  –∏—Ü–∞—Ç–µ–ª—å–Ω–æ—Å—Ç—å: i(s) $\geq$ 0.
You may provide a definition with
\DeclareUnicodeCharacter 


! Package inputenc Error: Unicode character –∏ (U+0438)
(inputenc)                not set up for use with LaTeX.

See the inputenc package documentation for explanation.
Type  H <return>  for immediate help.
 ...                                              
                                                  
l.5 	\item[\textbullet] –ù–µ–æ—Ç—Ä–∏
                                    —Ü–∞—Ç–µ–ª—å–Ω–æ—Å—Ç—å: i(s) $\geq$ 0.
You may provide a definition with
\DeclareUnicodeCharacter 


! Package inputenc Error: Unicode character —Ü (U+0446)
(inputenc)                not set up for use with LaTeX.

See the inputenc package documentation for explanation.
Type  H <return>  for immediate help.
 ...                                              
                                                  
l.5 	\item[\textbullet] –ù–µ–æ—Ç—Ä–∏—Ü
                                      –∞—Ç–µ–ª—å–Ω–æ—Å—Ç—å: i(s) $\geq$ 0.
You may provide a definition with
\DeclareUnicodeCharacter 


! Package inputenc Error: Unicode character –∞ (U+0430)
(inputenc)                not set up for use with LaTeX.

See the inputenc package documentation for explanation.
Type  H <return>  for immediate help.
 ...                                              
                                                  
l.5 	\item[\textbullet] –ù–µ–æ—Ç—Ä–∏—Ü–∞
                                        —Ç–µ–ª—å–Ω–æ—Å—Ç—å: i(s) $\geq$ 0.
You may provide a definition with
\DeclareUnicodeCharacter 


! Package inputenc Error: Unicode character —Ç (U+0442)
(inputenc)                not set up for use with LaTeX.

See the inputenc package documentation for explanation.
Type  H <return>  for immediate help.
 ...                                              
                                                  
l.5 	\item[\textbullet] –ù–µ–æ—Ç—Ä–∏—Ü–∞—Ç
                                          –µ–ª—å–Ω–æ—Å—Ç—å: i(s) $\geq$ 0.
You may provide a definition with
\DeclareUnicodeCharacter 


! Package inputenc Error: Unicode character –µ (U+0435)
(inputenc)                not set up for use with LaTeX.

See the inputenc package documentation for explanation.
Type  H <return>  for immediate help.
 ...                                              
                                                  
l.5 	\item[\textbullet] –ù–µ–æ—Ç—Ä–∏—Ü–∞—Ç–µ
                                            –ª—å–Ω–æ—Å—Ç—å: i(s) $\geq$ 0.
You may provide a definition with
\DeclareUnicodeCharacter 


! Package inputenc Error: Unicode character –ª (U+043B)
(inputenc)                not set up for use with LaTeX.

See the inputenc package documentation for explanation.
Type  H <return>  for immediate help.
 ...                                              
                                                  
l.5 	\item[\textbullet] –ù–µ–æ—Ç—Ä–∏—Ü–∞—Ç–µ–ª
                                              —å–Ω–æ—Å—Ç—å: i(s) $\geq$ 0.
You may provide a definition with
\DeclareUnicodeCharacter 


! Package inputenc Error: Unicode character —å (U+044C)
(inputenc)                not set up for use with LaTeX.

See the inputenc package documentation for explanation.
Type  H <return>  for immediate help.
 ...                                              
                                                  
l.5 	\item[\textbullet] –ù–µ–æ—Ç—Ä–∏—Ü–∞—Ç–µ–ª—å
                                                –Ω–æ—Å—Ç—å: i(s) $\geq$ 0.
You may provide a definition with
\DeclareUnicodeCharacter 


! Package inputenc Error: Unicode character –Ω (U+043D)
(inputenc)                not set up for use with LaTeX.

See the inputenc package documentation for explanation.
Type  H <return>  for immediate help.
 ...                                              
                                                  
l.5 	\item[\textbullet] –ù–µ–æ—Ç—Ä–∏—Ü–∞—Ç–µ–ª—å–Ω
                                                  –æ—Å—Ç—å: i(s) $\geq$ 0.
You may provide a definition with
\DeclareUnicodeCharacter 


! Package inputenc Error: Unicode character –æ (U+043E)
(inputenc)                not set up for use with LaTeX.

See the inputenc package documentation for explanation.
Type  H <return>  for immediate help.
 ...                                              
                                                  
l.5 ...m[\textbullet] –ù–µ–æ—Ç—Ä–∏—Ü–∞—Ç–µ–ª—å–Ω–æ
                                                  —Å—Ç—å: i(s) $\geq$ 0.
You may provide a definition with
\DeclareUnicodeCharacter 


! Package inputenc Error: Unicode character —Å (U+0441)
(inputenc)                not set up for use with LaTeX.

See the inputenc package documentation for explanation.
Type  H <return>  for immediate help.
 ...                                              
                                                  
l.5 ...\textbullet] –ù–µ–æ—Ç—Ä–∏—Ü–∞—Ç–µ–ª—å–Ω–æ—Å
                                                  —Ç—å: i(s) $\geq$ 0.
You may provide a definition with
\DeclareUnicodeCharacter 


! Package inputenc Error: Unicode character —Ç (U+0442)
(inputenc)                not set up for use with LaTeX.

See the inputenc package documentation for explanation.
Type  H <return>  for immediate help.
 ...                                              
                                                  
l.5 ...extbullet] –ù–µ–æ—Ç—Ä–∏—Ü–∞—Ç–µ–ª—å–Ω–æ—Å—Ç
                                                  —å: i(s) $\geq$ 0.
You may provide a definition with
\DeclareUnicodeCharacter 


! Package inputenc Error: Unicode character —å (U+044C)
(inputenc)                not set up for use with LaTeX.

See the inputenc package documentation for explanation.
Type  H <return>  for immediate help.
 ...                                              
                                                  
l.5 ...tbullet] –ù–µ–æ—Ç—Ä–∏—Ü–∞—Ç–µ–ª—å–Ω–æ—Å—Ç—å
                                                  : i(s) $\geq$ 0.
You may provide a definition with
\DeclareUnicodeCharacter 

Missing character: There is no : in font nullfont!
Missing character: There is no i in font nullfont!
Missing character: There is no ( in font nullfont!
Missing character: There is no s in font nullfont!
Missing character: There is no ) in font nullfont!
LaTeX Font Info:    External font `cmex10' loaded for size
(Font)              <7> on input line 5.
LaTeX Font Info:    External font `cmex10' loaded for size
(Font)              <5> on input line 5.
Missing character: There is no 0 in font nullfont!
Missing character: There is no . in font nullfont!

Overfull \hbox (7.7778pt too wide) in paragraph at lines 5--6
\OMS/cmsy/m/n/10 $ 
 []


! Package inputenc Error: Unicode character –ü (U+041F)
(inputenc)                not set up for use with LaTeX.

See the inputenc package documentation for explanation.
Type  H <return>  for immediate help.
 ...                                              
                                                  
l.6 	\item[\textbullet] –ü
                          —Ä–∏–Ω—Ü–∏–ø –ø—Ä–µ–¥–æ–ø—Ä–µ–¥–µ–ª—ë–Ω–Ω–æ—Å—Ç–∏:...

You may provide a definition with
\DeclareUnicodeCharacter 


! Package inputenc Error: Unicode character —Ä (U+0440)
(inputenc)                not set up for use with LaTeX.

See the inputenc package documentation for explanation.
Type  H <return>  for immediate help.
 ...                                              
                                                  
l.6 	\item[\textbullet] –ü—Ä
                            –∏–Ω—Ü–∏–ø –ø—Ä–µ–¥–æ–ø—Ä–µ–¥–µ–ª—ë–Ω–Ω–æ—Å—Ç–∏:...

You may provide a definition with
\DeclareUnicodeCharacter 


! Package inputenc Error: Unicode character –∏ (U+0438)
(inputenc)                not set up for use with LaTeX.

See the inputenc package documentation for explanation.
Type  H <return>  for immediate help.
 ...                                              
                                                  
l.6 	\item[\textbullet] –ü—Ä–∏
                              –Ω—Ü–∏–ø –ø—Ä–µ–¥–æ–ø—Ä–µ–¥–µ–ª—ë–Ω–Ω–æ—Å—Ç–∏:...

You may provide a definition with
\DeclareUnicodeCharacter 


! Package inputenc Error: Unicode character –Ω (U+043D)
(inputenc)                not set up for use with LaTeX.

See the inputenc package documentation for explanation.
Type  H <return>  for immediate help.
 ...                                              
                                                  
l.6 	\item[\textbullet] –ü—Ä–∏–Ω
                                —Ü–∏–ø –ø—Ä–µ–¥–æ–ø—Ä–µ–¥–µ–ª—ë–Ω–Ω–æ—Å—Ç–∏:...

You may provide a definition with
\DeclareUnicodeCharacter 


! Package inputenc Error: Unicode character —Ü (U+0446)
(inputenc)                not set up for use with LaTeX.

See the inputenc package documentation for explanation.
Type  H <return>  for immediate help.
 ...                                              
                                                  
l.6 	\item[\textbullet] –ü—Ä–∏–Ω—Ü
                                  –∏–ø –ø—Ä–µ–¥–æ–ø—Ä–µ–¥–µ–ª—ë–Ω–Ω–æ—Å—Ç–∏:...

You may provide a definition with
\DeclareUnicodeCharacter 


! Package inputenc Error: Unicode character –∏ (U+0438)
(inputenc)                not set up for use with LaTeX.

See the inputenc package documentation for explanation.
Type  H <return>  for immediate help.
 ...                                              
                                                  
l.6 	\item[\textbullet] –ü—Ä–∏–Ω—Ü–∏
                                    –ø –ø—Ä–µ–¥–æ–ø—Ä–µ–¥–µ–ª—ë–Ω–Ω–æ—Å—Ç–∏:...

You may provide a definition with
\DeclareUnicodeCharacter 


! Package inputenc Error: Unicode character –ø (U+043F)
(inputenc)                not set up for use with LaTeX.

See the inputenc package documentation for explanation.
Type  H <return>  for immediate help.
 ...                                              
                                                  
l.6 	\item[\textbullet] –ü—Ä–∏–Ω—Ü–∏–ø
                                       –ø—Ä–µ–¥–æ–ø—Ä–µ–¥–µ–ª—ë–Ω–Ω–æ—Å—Ç–∏:...

You may provide a definition with
\DeclareUnicodeCharacter 


! Package inputenc Error: Unicode character –ø (U+043F)
(inputenc)                not set up for use with LaTeX.

See the inputenc package documentation for explanation.
Type  H <return>  for immediate help.
 ...                                              
                                                  
l.6 	\item[\textbullet] –ü—Ä–∏–Ω—Ü–∏–ø –ø
                                         —Ä–µ–¥–æ–ø—Ä–µ–¥–µ–ª—ë–Ω–Ω–æ—Å—Ç–∏:...

You may provide a definition with
\DeclareUnicodeCharacter 


! Package inputenc Error: Unicode character —Ä (U+0440)
(inputenc)                not set up for use with LaTeX.

See the inputenc package documentation for explanation.
Type  H <return>  for immediate help.
 ...                                              
                                                  
l.6 	\item[\textbullet] –ü—Ä–∏–Ω—Ü–∏–ø –ø—Ä
                                           –µ–¥–æ–ø—Ä–µ–¥–µ–ª—ë–Ω–Ω–æ—Å—Ç–∏:...

You may provide a definition with
\DeclareUnicodeCharacter 


! Package inputenc Error: Unicode character –µ (U+0435)
(inputenc)                not set up for use with LaTeX.

See the inputenc package documentation for explanation.
Type  H <return>  for immediate help.
 ...                                              
                                                  
l.6 	\item[\textbullet] –ü—Ä–∏–Ω—Ü–∏–ø –ø—Ä–µ
                                             –¥–æ–ø—Ä–µ–¥–µ–ª—ë–Ω–Ω–æ—Å—Ç–∏:...

You may provide a definition with
\DeclareUnicodeCharacter 


! Package inputenc Error: Unicode character –¥ (U+0434)
(inputenc)                not set up for use with LaTeX.

See the inputenc package documentation for explanation.
Type  H <return>  for immediate help.
 ...                                              
                                                  
l.6 	\item[\textbullet] –ü—Ä–∏–Ω—Ü–∏–ø –ø—Ä–µ–¥
                                               –æ–ø—Ä–µ–¥–µ–ª—ë–Ω–Ω–æ—Å—Ç–∏:...

You may provide a definition with
\DeclareUnicodeCharacter 


! Package inputenc Error: Unicode character –æ (U+043E)
(inputenc)                not set up for use with LaTeX.

See the inputenc package documentation for explanation.
Type  H <return>  for immediate help.
 ...                                              
                                                  
l.6 	\item[\textbullet] –ü—Ä–∏–Ω—Ü–∏–ø –ø—Ä–µ–¥–æ
                                                 –ø—Ä–µ–¥–µ–ª—ë–Ω–Ω–æ—Å—Ç–∏:...

You may provide a definition with
\DeclareUnicodeCharacter 


! Package inputenc Error: Unicode character –ø (U+043F)
(inputenc)                not set up for use with LaTeX.

See the inputenc package documentation for explanation.
Type  H <return>  for immediate help.
 ...                                              
                                                  
l.6 ...em[\textbullet] –ü—Ä–∏–Ω—Ü–∏–ø –ø—Ä–µ–¥–æ–ø
                                                  —Ä–µ–¥–µ–ª—ë–Ω–Ω–æ—Å—Ç–∏: ...

You may provide a definition with
\DeclareUnicodeCharacter 


! Package inputenc Error: Unicode character —Ä (U+0440)
(inputenc)                not set up for use with LaTeX.

See the inputenc package documentation for explanation.
Type  H <return>  for immediate help.
 ...                                              
                                                  
l.6 ...[\textbullet] –ü—Ä–∏–Ω—Ü–∏–ø –ø—Ä–µ–¥–æ–ø—Ä
                                                  –µ–¥–µ–ª—ë–Ω–Ω–æ—Å—Ç–∏: –µ...

You may provide a definition with
\DeclareUnicodeCharacter 


! Package inputenc Error: Unicode character –µ (U+0435)
(inputenc)                not set up for use with LaTeX.

See the inputenc package documentation for explanation.
Type  H <return>  for immediate help.
 ...                                              
                                                  
l.6 ...textbullet] –ü—Ä–∏–Ω—Ü–∏–ø –ø—Ä–µ–¥–æ–ø—Ä–µ
                                                  –¥–µ–ª—ë–Ω–Ω–æ—Å—Ç–∏: –µ—Å...

You may provide a definition with
\DeclareUnicodeCharacter 


! Package inputenc Error: Unicode character –¥ (U+0434)
(inputenc)                not set up for use with LaTeX.

See the inputenc package documentation for explanation.
Type  H <return>  for immediate help.
 ...                                              
                                                  
l.6 ...xtbullet] –ü—Ä–∏–Ω—Ü–∏–ø –ø—Ä–µ–¥–æ–ø—Ä–µ–¥
                                                  –µ–ª—ë–Ω–Ω–æ—Å—Ç–∏: –µ—Å–ª...

You may provide a definition with
\DeclareUnicodeCharacter 


! Package inputenc Error: Unicode character –µ (U+0435)
(inputenc)                not set up for use with LaTeX.

See the inputenc package documentation for explanation.
Type  H <return>  for immediate help.
 ...                                              
                                                  
l.6 ...bullet] –ü—Ä–∏–Ω—Ü–∏–ø –ø—Ä–µ–¥–æ–ø—Ä–µ–¥–µ
                                                  –ª—ë–Ω–Ω–æ—Å—Ç–∏: –µ—Å–ª–∏...

You may provide a definition with
\DeclareUnicodeCharacter 


! Package inputenc Error: Unicode character –ª (U+043B)
(inputenc)                not set up for use with LaTeX.

See the inputenc package documentation for explanation.
Type  H <return>  for immediate help.
 ...                                              
                                                  
l.6 ...llet] –ü—Ä–∏–Ω—Ü–∏–ø –ø—Ä–µ–¥–æ–ø—Ä–µ–¥–µ–ª
                                                  —ë–Ω–Ω–æ—Å—Ç–∏: –µ—Å–ª–∏ –...

You may provide a definition with
\DeclareUnicodeCharacter 


! Package inputenc Error: Unicode character —ë (U+0451)
(inputenc)                not set up for use with LaTeX.

See the inputenc package documentation for explanation.
Type  H <return>  for immediate help.
 ...                                              
                                                  
l.6 ...et] –ü—Ä–∏–Ω—Ü–∏–ø –ø—Ä–µ–¥–æ–ø—Ä–µ–¥–µ–ª—ë
                                                  –Ω–Ω–æ—Å—Ç–∏: –µ—Å–ª–∏ –æ–...

You may provide a definition with
\DeclareUnicodeCharacter 


! Package inputenc Error: Unicode character –Ω (U+043D)
(inputenc)                not set up for use with LaTeX.

See the inputenc package documentation for explanation.
Type  H <return>  for immediate help.
 ...                                              
                                                  
l.6 ...] –ü—Ä–∏–Ω—Ü–∏–ø –ø—Ä–µ–¥–æ–ø—Ä–µ–¥–µ–ª—ë–Ω
                                                  –Ω–æ—Å—Ç–∏: –µ—Å–ª–∏ –æ–± ...

You may provide a definition with
\DeclareUnicodeCharacter 


! Package inputenc Error: Unicode character –Ω (U+043D)
(inputenc)                not set up for use with LaTeX.

See the inputenc package documentation for explanation.
Type  H <return>  for immediate help.
 ...                                              
                                                  
l.6 ...–ü—Ä–∏–Ω—Ü–∏–ø –ø—Ä–µ–¥–æ–ø—Ä–µ–¥–µ–ª—ë–Ω–Ω
                                                  –æ—Å—Ç–∏: –µ—Å–ª–∏ –æ–± –æ...

You may provide a definition with
\DeclareUnicodeCharacter 


! Package inputenc Error: Unicode character –æ (U+043E)
(inputenc)                not set up for use with LaTeX.

See the inputenc package documentation for explanation.
Type  H <return>  for immediate help.
 ...                                              
                                                  
l.6 ...—Ä–∏–Ω—Ü–∏–ø –ø—Ä–µ–¥–æ–ø—Ä–µ–¥–µ–ª—ë–Ω–Ω–æ
                                                  —Å—Ç–∏: –µ—Å–ª–∏ –æ–± –æ–±...

You may provide a definition with
\DeclareUnicodeCharacter 


! Package inputenc Error: Unicode character —Å (U+0441)
(inputenc)                not set up for use with LaTeX.

See the inputenc package documentation for explanation.
Type  H <return>  for immediate help.
 ...                                              
                                                  
l.6 ...–∏–Ω—Ü–∏–ø –ø—Ä–µ–¥–æ–ø—Ä–µ–¥–µ–ª—ë–Ω–Ω–æ—Å
                                                  —Ç–∏: –µ—Å–ª–∏ –æ–± –æ–±—ä...

You may provide a definition with
\DeclareUnicodeCharacter 


! Package inputenc Error: Unicode character —Ç (U+0442)
(inputenc)                not set up for use with LaTeX.

See the inputenc package documentation for explanation.
Type  H <return>  for immediate help.
 ...                                              
                                                  
l.6 ...–Ω—Ü–∏–ø –ø—Ä–µ–¥–æ–ø—Ä–µ–¥–µ–ª—ë–Ω–Ω–æ—Å—Ç
                                                  –∏: –µ—Å–ª–∏ –æ–± –æ–±—ä–µ...

You may provide a definition with
\DeclareUnicodeCharacter 


! Package inputenc Error: Unicode character –∏ (U+0438)
(inputenc)                not set up for use with LaTeX.

See the inputenc package documentation for explanation.
Type  H <return>  for immediate help.
 ...                                              
                                                  
l.6 ...—Ü–∏–ø –ø—Ä–µ–¥–æ–ø—Ä–µ–¥–µ–ª—ë–Ω–Ω–æ—Å—Ç–∏
                                                  : –µ—Å–ª–∏ –æ–± –æ–±—ä–µ–∫...

You may provide a definition with
\DeclareUnicodeCharacter 

Missing character: There is no : in font nullfont!

! Package inputenc Error: Unicode character –µ (U+0435)
(inputenc)                not set up for use with LaTeX.

See the inputenc package documentation for explanation.
Type  H <return>  for immediate help.
 ...                                              
                                                  
l.6 ...–ø –ø—Ä–µ–¥–æ–ø—Ä–µ–¥–µ–ª—ë–Ω–Ω–æ—Å—Ç–∏: –µ
                                                  —Å–ª–∏ –æ–± –æ–±—ä–µ–∫—Ç–µ...

You may provide a definition with
\DeclareUnicodeCharacter 


! Package inputenc Error: Unicode character —Å (U+0441)
(inputenc)                not set up for use with LaTeX.

See the inputenc package documentation for explanation.
Type  H <return>  for immediate help.
 ...                                              
                                                  
l.6 ... –ø—Ä–µ–¥–æ–ø—Ä–µ–¥–µ–ª—ë–Ω–Ω–æ—Å—Ç–∏: –µ—Å
                                                  –ª–∏ –æ–± –æ–±—ä–µ–∫—Ç–µ —...

You may provide a definition with
\DeclareUnicodeCharacter 


! Package inputenc Error: Unicode character –ª (U+043B)
(inputenc)                not set up for use with LaTeX.

See the inputenc package documentation for explanation.
Type  H <return>  for immediate help.
 ...                                              
                                                  
l.6 ...ø—Ä–µ–¥–æ–ø—Ä–µ–¥–µ–ª—ë–Ω–Ω–æ—Å—Ç–∏: –µ—Å–ª
                                                  –∏ –æ–± –æ–±—ä–µ–∫—Ç–µ —É–...

You may provide a definition with
\DeclareUnicodeCharacter 


! Package inputenc Error: Unicode character –∏ (U+0438)
(inputenc)                not set up for use with LaTeX.

See the inputenc package documentation for explanation.
Type  H <return>  for immediate help.
 ...                                              
                                                  
l.6 ...Ä–µ–¥–æ–ø—Ä–µ–¥–µ–ª—ë–Ω–Ω–æ—Å—Ç–∏: –µ—Å–ª–∏
                                                   –æ–± –æ–±—ä–µ–∫—Ç–µ —É–∂–...

You may provide a definition with
\DeclareUnicodeCharacter 


! Package inputenc Error: Unicode character –æ (U+043E)
(inputenc)                not set up for use with LaTeX.

See the inputenc package documentation for explanation.
Type  H <return>  for immediate help.
 ...                                              
                                                  
l.6 ...–¥–æ–ø—Ä–µ–¥–µ–ª—ë–Ω–Ω–æ—Å—Ç–∏: –µ—Å–ª–∏ –æ
                                                  –± –æ–±—ä–µ–∫—Ç–µ —É–∂–µ –...

You may provide a definition with
\DeclareUnicodeCharacter 


! Package inputenc Error: Unicode character –± (U+0431)
(inputenc)                not set up for use with LaTeX.

See the inputenc package documentation for explanation.
Type  H <return>  for immediate help.
 ...                                              
                                                  
l.6 ...–æ–ø—Ä–µ–¥–µ–ª—ë–Ω–Ω–æ—Å—Ç–∏: –µ—Å–ª–∏ –æ–±
                                                   –æ–±—ä–µ–∫—Ç–µ —É–∂–µ –≤—...

You may provide a definition with
\DeclareUnicodeCharacter 


! Package inputenc Error: Unicode character –æ (U+043E)
(inputenc)                not set up for use with LaTeX.

See the inputenc package documentation for explanation.
Type  H <return>  for immediate help.
 ...                                              
                                                  
l.6 ...ø—Ä–µ–¥–µ–ª—ë–Ω–Ω–æ—Å—Ç–∏: –µ—Å–ª–∏ –æ–± –æ
                                                  –±—ä–µ–∫—Ç–µ —É–∂–µ –≤—Å–µ...

You may provide a definition with
\DeclareUnicodeCharacter 


! Package inputenc Error: Unicode character –± (U+0431)
(inputenc)                not set up for use with LaTeX.

See the inputenc package documentation for explanation.
Type  H <return>  for immediate help.
 ...                                              
                                                  
l.6 ...Ä–µ–¥–µ–ª—ë–Ω–Ω–æ—Å—Ç–∏: –µ—Å–ª–∏ –æ–± –æ–±
                                                  —ä–µ–∫—Ç–µ —É–∂–µ –≤—Å–µ –...

You may provide a definition with
\DeclareUnicodeCharacter 


! Package inputenc Error: Unicode character —ä (U+044A)
(inputenc)                not set up for use with LaTeX.

See the inputenc package documentation for explanation.
Type  H <return>  for immediate help.
 ...                                              
                                                  
l.6 ...µ–¥–µ–ª—ë–Ω–Ω–æ—Å—Ç–∏: –µ—Å–ª–∏ –æ–± –æ–±—ä
                                                  –µ–∫—Ç–µ —É–∂–µ –≤—Å–µ –∏–...

You may provide a definition with
\DeclareUnicodeCharacter 


! Package inputenc Error: Unicode character –µ (U+0435)
(inputenc)                not set up for use with LaTeX.

See the inputenc package documentation for explanation.
Type  H <return>  for immediate help.
 ...                                              
                                                  
l.6 ...¥–µ–ª—ë–Ω–Ω–æ—Å—Ç–∏: –µ—Å–ª–∏ –æ–± –æ–±—ä–µ
                                                  –∫—Ç–µ —É–∂–µ –≤—Å–µ –∏–∑–...

You may provide a definition with
\DeclareUnicodeCharacter 


! Package inputenc Error: Unicode character –∫ (U+043A)
(inputenc)                not set up for use with LaTeX.

See the inputenc package documentation for explanation.
Type  H <return>  for immediate help.
 ...                                              
                                                  
l.6 ...µ–ª—ë–Ω–Ω–æ—Å—Ç–∏: –µ—Å–ª–∏ –æ–± –æ–±—ä–µ–∫
                                                  —Ç–µ —É–∂–µ –≤—Å–µ –∏–∑–≤–...

You may provide a definition with
\DeclareUnicodeCharacter 


! Package inputenc Error: Unicode character —Ç (U+0442)
(inputenc)                not set up for use with LaTeX.

See the inputenc package documentation for explanation.
Type  H <return>  for immediate help.
 ...                                              
                                                  
l.6 ...ª—ë–Ω–Ω–æ—Å—Ç–∏: –µ—Å–ª–∏ –æ–± –æ–±—ä–µ–∫—Ç
                                                  –µ —É–∂–µ –≤—Å–µ –∏–∑–≤–µ—...

You may provide a definition with
\DeclareUnicodeCharacter 


! Package inputenc Error: Unicode character –µ (U+0435)
(inputenc)                not set up for use with LaTeX.

See the inputenc package documentation for explanation.
Type  H <return>  for immediate help.
 ...                                              
                                                  
l.6 ...ë–Ω–Ω–æ—Å—Ç–∏: –µ—Å–ª–∏ –æ–± –æ–±—ä–µ–∫—Ç–µ
                                                   —É–∂–µ –≤—Å–µ –∏–∑–≤–µ—Å—...

You may provide a definition with
\DeclareUnicodeCharacter 


! Package inputenc Error: Unicode character —É (U+0443)
(inputenc)                not set up for use with LaTeX.

See the inputenc package documentation for explanation.
Type  H <return>  for immediate help.
 ...                                              
                                                  
l.6 ...–Ω–æ—Å—Ç–∏: –µ—Å–ª–∏ –æ–± –æ–±—ä–µ–∫—Ç–µ —É
                                                  –∂–µ –≤—Å–µ –∏–∑–≤–µ—Å—Ç–Ω...

You may provide a definition with
\DeclareUnicodeCharacter 


! Package inputenc Error: Unicode character –∂ (U+0436)
(inputenc)                not set up for use with LaTeX.

See the inputenc package documentation for explanation.
Type  H <return>  for immediate help.
 ...                                              
                                                  
l.6 ...–æ—Å—Ç–∏: –µ—Å–ª–∏ –æ–± –æ–±—ä–µ–∫—Ç–µ —É–∂
                                                  –µ –≤—Å–µ –∏–∑–≤–µ—Å—Ç–Ω–æ...

You may provide a definition with
\DeclareUnicodeCharacter 


! Package inputenc Error: Unicode character –µ (U+0435)
(inputenc)                not set up for use with LaTeX.

See the inputenc package documentation for explanation.
Type  H <return>  for immediate help.
 ...                                              
                                                  
l.6 ...—Å—Ç–∏: –µ—Å–ª–∏ –æ–± –æ–±—ä–µ–∫—Ç–µ —É–∂–µ
                                                   –≤—Å–µ –∏–∑–≤–µ—Å—Ç–Ω–æ, ...

You may provide a definition with
\DeclareUnicodeCharacter 


! Package inputenc Error: Unicode character –≤ (U+0432)
(inputenc)                not set up for use with LaTeX.

See the inputenc package documentation for explanation.
Type  H <return>  for immediate help.
 ...                                              
                                                  
l.6 ...Ç–∏: –µ—Å–ª–∏ –æ–± –æ–±—ä–µ–∫—Ç–µ —É–∂–µ –≤
                                                  —Å–µ –∏–∑–≤–µ—Å—Ç–Ω–æ, —Ç–...

You may provide a definition with
\DeclareUnicodeCharacter 


! Package inputenc Error: Unicode character —Å (U+0441)
(inputenc)                not set up for use with LaTeX.

See the inputenc package documentation for explanation.
Type  H <return>  for immediate help.
 ...                                              
                                                  
l.6 ...∏: –µ—Å–ª–∏ –æ–± –æ–±—ä–µ–∫—Ç–µ —É–∂–µ –≤—Å
                                                  –µ –∏–∑–≤–µ—Å—Ç–Ω–æ, —Ç–æ ...

You may provide a definition with
\DeclareUnicodeCharacter 


! Package inputenc Error: Unicode character –µ (U+0435)
(inputenc)                not set up for use with LaTeX.

See the inputenc package documentation for explanation.
Type  H <return>  for immediate help.
 ...                                              
                                                  
l.6 ... –µ—Å–ª–∏ –æ–± –æ–±—ä–µ–∫—Ç–µ —É–∂–µ –≤—Å–µ
                                                   –∏–∑–≤–µ—Å—Ç–Ω–æ, —Ç–æ i(...

You may provide a definition with
\DeclareUnicodeCharacter 


! Package inputenc Error: Unicode character –∏ (U+0438)
(inputenc)                not set up for use with LaTeX.

See the inputenc package documentation for explanation.
Type  H <return>  for immediate help.
 ...                                              
                                                  
l.6 ...—Å–ª–∏ –æ–± –æ–±—ä–µ–∫—Ç–µ —É–∂–µ –≤—Å–µ –∏
                                                  –∑–≤–µ—Å—Ç–Ω–æ, —Ç–æ i(s) ...

You may provide a definition with
\DeclareUnicodeCharacter 


! Package inputenc Error: Unicode character –∑ (U+0437)
(inputenc)                not set up for use with LaTeX.

See the inputenc package documentation for explanation.
Type  H <return>  for immediate help.
 ...                                              
                                                  
l.6 ...–ª–∏ –æ–± –æ–±—ä–µ–∫—Ç–µ —É–∂–µ –≤—Å–µ –∏–∑
                                                  –≤–µ—Å—Ç–Ω–æ, —Ç–æ i(s) = 0.
You may provide a definition with
\DeclareUnicodeCharacter 


! Package inputenc Error: Unicode character –≤ (U+0432)
(inputenc)                not set up for use with LaTeX.

See the inputenc package documentation for explanation.
Type  H <return>  for immediate help.
 ...                                              
                                                  
l.6 ...–∏ –æ–± –æ–±—ä–µ–∫—Ç–µ —É–∂–µ –≤—Å–µ –∏–∑–≤
                                                  –µ—Å—Ç–Ω–æ, —Ç–æ i(s) = 0.
You may provide a definition with
\DeclareUnicodeCharacter 


! Package inputenc Error: Unicode character –µ (U+0435)
(inputenc)                not set up for use with LaTeX.

See the inputenc package documentation for explanation.
Type  H <return>  for immediate help.
 ...                                              
                                                  
l.6 ... –æ–± –æ–±—ä–µ–∫—Ç–µ —É–∂–µ –≤—Å–µ –∏–∑–≤–µ
                                                  —Å—Ç–Ω–æ, —Ç–æ i(s) = 0.
You may provide a definition with
\DeclareUnicodeCharacter 


! Package inputenc Error: Unicode character —Å (U+0441)
(inputenc)                not set up for use with LaTeX.

See the inputenc package documentation for explanation.
Type  H <return>  for immediate help.
 ...                                              
                                                  
l.6 ...æ–± –æ–±—ä–µ–∫—Ç–µ —É–∂–µ –≤—Å–µ –∏–∑–≤–µ—Å
                                                  —Ç–Ω–æ, —Ç–æ i(s) = 0.
You may provide a definition with
\DeclareUnicodeCharacter 


! Package inputenc Error: Unicode character —Ç (U+0442)
(inputenc)                not set up for use with LaTeX.

See the inputenc package documentation for explanation.
Type  H <return>  for immediate help.
 ...                                              
                                                  
l.6 ...± –æ–±—ä–µ–∫—Ç–µ —É–∂–µ –≤—Å–µ –∏–∑–≤–µ—Å—Ç
                                                  –Ω–æ, —Ç–æ i(s) = 0.
You may provide a definition with
\DeclareUnicodeCharacter 


! Package inputenc Error: Unicode character –Ω (U+043D)
(inputenc)                not set up for use with LaTeX.

See the inputenc package documentation for explanation.
Type  H <return>  for immediate help.
 ...                                              
                                                  
l.6 ...–æ–±—ä–µ–∫—Ç–µ —É–∂–µ –≤—Å–µ –∏–∑–≤–µ—Å—Ç–Ω
                                                  –æ, —Ç–æ i(s) = 0.
You may provide a definition with
\DeclareUnicodeCharacter 


! Package inputenc Error: Unicode character –æ (U+043E)
(inputenc)                not set up for use with LaTeX.

See the inputenc package documentation for explanation.
Type  H <return>  for immediate help.
 ...                                              
                                                  
l.6 ...–±—ä–µ–∫—Ç–µ —É–∂–µ –≤—Å–µ –∏–∑–≤–µ—Å—Ç–Ω–æ
                                                  , —Ç–æ i(s) = 0.
You may provide a definition with
\DeclareUnicodeCharacter 

Missing character: There is no , in font nullfont!

! Package inputenc Error: Unicode character —Ç (U+0442)
(inputenc)                not set up for use with LaTeX.

See the inputenc package documentation for explanation.
Type  H <return>  for immediate help.
 ...                                              
                                                  
l.6 ...–µ–∫—Ç–µ —É–∂–µ –≤—Å–µ –∏–∑–≤–µ—Å—Ç–Ω–æ, —Ç
                                                  –æ i(s) = 0.
You may provide a definition with
\DeclareUnicodeCharacter 


! Package inputenc Error: Unicode character –æ (U+043E)
(inputenc)                not set up for use with LaTeX.

See the inputenc package documentation for explanation.
Type  H <return>  for immediate help.
 ...                                              
                                                  
l.6 ...–∫—Ç–µ —É–∂–µ –≤—Å–µ –∏–∑–≤–µ—Å—Ç–Ω–æ, —Ç–æ
                                                   i(s) = 0.
You may provide a definition with
\DeclareUnicodeCharacter 

Missing character: There is no i in font nullfont!
Missing character: There is no ( in font nullfont!
Missing character: There is no s in font nullfont!
Missing character: There is no ) in font nullfont!
Missing character: There is no = in font nullfont!
Missing character: There is no 0 in font nullfont!
Missing character: There is no . in font nullfont!

! Package inputenc Error: Unicode character –ê (U+0410)
(inputenc)                not set up for use with LaTeX.

See the inputenc package documentation for explanation.
Type  H <return>  for immediate help.
 ...                                              
                                                  
l.7 	\item[\textbullet] –ê
                          –¥–¥–∏—Ç–∏–≤–Ω–æ—Å—Ç—å: i(s) = $\sum i(s_k)$ –ø–æ ...

You may provide a definition with
\DeclareUnicodeCharacter 


! Package inputenc Error: Unicode character –¥ (U+0434)
(inputenc)                not set up for use with LaTeX.

See the inputenc package documentation for explanation.
Type  H <return>  for immediate help.
 ...                                              
                                                  
l.7 	\item[\textbullet] –ê–¥
                            –¥–∏—Ç–∏–≤–Ω–æ—Å—Ç—å: i(s) = $\sum i(s_k)$ –ø–æ ...

You may provide a definition with
\DeclareUnicodeCharacter 


! Package inputenc Error: Unicode character –¥ (U+0434)
(inputenc)                not set up for use with LaTeX.

See the inputenc package documentation for explanation.
Type  H <return>  for immediate help.
 ...                                              
                                                  
l.7 	\item[\textbullet] –ê–¥–¥
                              –∏—Ç–∏–≤–Ω–æ—Å—Ç—å: i(s) = $\sum i(s_k)$ –ø–æ ...

You may provide a definition with
\DeclareUnicodeCharacter 


! Package inputenc Error: Unicode character –∏ (U+0438)
(inputenc)                not set up for use with LaTeX.

See the inputenc package documentation for explanation.
Type  H <return>  for immediate help.
 ...                                              
                                                  
l.7 	\item[\textbullet] –ê–¥–¥–∏
                                —Ç–∏–≤–Ω–æ—Å—Ç—å: i(s) = $\sum i(s_k)$ –ø–æ ...

You may provide a definition with
\DeclareUnicodeCharacter 


! Package inputenc Error: Unicode character —Ç (U+0442)
(inputenc)                not set up for use with LaTeX.

See the inputenc package documentation for explanation.
Type  H <return>  for immediate help.
 ...                                              
                                                  
l.7 	\item[\textbullet] –ê–¥–¥–∏—Ç
                                  –∏–≤–Ω–æ—Å—Ç—å: i(s) = $\sum i(s_k)$ –ø–æ ...

You may provide a definition with
\DeclareUnicodeCharacter 


! Package inputenc Error: Unicode character –∏ (U+0438)
(inputenc)                not set up for use with LaTeX.

See the inputenc package documentation for explanation.
Type  H <return>  for immediate help.
 ...                                              
                                                  
l.7 	\item[\textbullet] –ê–¥–¥–∏—Ç–∏
                                    –≤–Ω–æ—Å—Ç—å: i(s) = $\sum i(s_k)$ –ø–æ ...

You may provide a definition with
\DeclareUnicodeCharacter 


! Package inputenc Error: Unicode character –≤ (U+0432)
(inputenc)                not set up for use with LaTeX.

See the inputenc package documentation for explanation.
Type  H <return>  for immediate help.
 ...                                              
                                                  
l.7 	\item[\textbullet] –ê–¥–¥–∏—Ç–∏–≤
                                      –Ω–æ—Å—Ç—å: i(s) = $\sum i(s_k)$ –ø–æ ...

You may provide a definition with
\DeclareUnicodeCharacter 


! Package inputenc Error: Unicode character –Ω (U+043D)
(inputenc)                not set up for use with LaTeX.

See the inputenc package documentation for explanation.
Type  H <return>  for immediate help.
 ...                                              
                                                  
l.7 	\item[\textbullet] –ê–¥–¥–∏—Ç–∏–≤–Ω
                                        –æ—Å—Ç—å: i(s) = $\sum i(s_k)$ –ø–æ ...

You may provide a definition with
\DeclareUnicodeCharacter 


! Package inputenc Error: Unicode character –æ (U+043E)
(inputenc)                not set up for use with LaTeX.

See the inputenc package documentation for explanation.
Type  H <return>  for immediate help.
 ...                                              
                                                  
l.7 	\item[\textbullet] –ê–¥–¥–∏—Ç–∏–≤–Ω–æ
                                          —Å—Ç—å: i(s) = $\sum i(s_k)$ –ø–æ ...

You may provide a definition with
\DeclareUnicodeCharacter 


! Package inputenc Error: Unicode character —Å (U+0441)
(inputenc)                not set up for use with LaTeX.

See the inputenc package documentation for explanation.
Type  H <return>  for immediate help.
 ...                                              
                                                  
l.7 	\item[\textbullet] –ê–¥–¥–∏—Ç–∏–≤–Ω–æ—Å
                                            —Ç—å: i(s) = $\sum i(s_k)$ –ø–æ ...

You may provide a definition with
\DeclareUnicodeCharacter 


! Package inputenc Error: Unicode character —Ç (U+0442)
(inputenc)                not set up for use with LaTeX.

See the inputenc package documentation for explanation.
Type  H <return>  for immediate help.
 ...                                              
                                                  
l.7 	\item[\textbullet] –ê–¥–¥–∏—Ç–∏–≤–Ω–æ—Å—Ç
                                              —å: i(s) = $\sum i(s_k)$ –ø–æ ...

You may provide a definition with
\DeclareUnicodeCharacter 


! Package inputenc Error: Unicode character —å (U+044C)
(inputenc)                not set up for use with LaTeX.

See the inputenc package documentation for explanation.
Type  H <return>  for immediate help.
 ...                                              
                                                  
l.7 	\item[\textbullet] –ê–¥–¥–∏—Ç–∏–≤–Ω–æ—Å—Ç—å
                                                : i(s) = $\sum i(s_k)$ –ø–æ ...

You may provide a definition with
\DeclareUnicodeCharacter 

Missing character: There is no : in font nullfont!
Missing character: There is no i in font nullfont!
Missing character: There is no ( in font nullfont!
Missing character: There is no s in font nullfont!
Missing character: There is no ) in font nullfont!
Missing character: There is no = in font nullfont!

! Package inputenc Error: Unicode character –ø (U+043F)
(inputenc)                not set up for use with LaTeX.

See the inputenc package documentation for explanation.
Type  H <return>  for immediate help.
 ...                                              
                                                  
l.7 ...–∏—Ç–∏–≤–Ω–æ—Å—Ç—å: i(s) = $\sum i(s_k)$ –ø
                                                  –æ –≤—Å–µ–º k.
You may provide a definition with
\DeclareUnicodeCharacter 


! Package inputenc Error: Unicode character –æ (U+043E)
(inputenc)                not set up for use with LaTeX.

See the inputenc package documentation for explanation.
Type  H <return>  for immediate help.
 ...                                              
                                                  
l.7 ...—Ç–∏–≤–Ω–æ—Å—Ç—å: i(s) = $\sum i(s_k)$ –ø–æ
                                                   –≤—Å–µ–º k.
You may provide a definition with
\DeclareUnicodeCharacter 


! Package inputenc Error: Unicode character –≤ (U+0432)
(inputenc)                not set up for use with LaTeX.

See the inputenc package documentation for explanation.
Type  H <return>  for immediate help.
 ...                                              
                                                  
l.7 ...∏–≤–Ω–æ—Å—Ç—å: i(s) = $\sum i(s_k)$ –ø–æ –≤
                                                  —Å–µ–º k.
You may provide a definition with
\DeclareUnicodeCharacter 


! Package inputenc Error: Unicode character —Å (U+0441)
(inputenc)                not set up for use with LaTeX.

See the inputenc package documentation for explanation.
Type  H <return>  for immediate help.
 ...                                              
                                                  
l.7 ...≤–Ω–æ—Å—Ç—å: i(s) = $\sum i(s_k)$ –ø–æ –≤—Å
                                                  –µ–º k.
You may provide a definition with
\DeclareUnicodeCharacter 


! Package inputenc Error: Unicode character –µ (U+0435)
(inputenc)                not set up for use with LaTeX.

See the inputenc package documentation for explanation.
Type  H <return>  for immediate help.
 ...                                              
                                                  
l.7 ...Ω–æ—Å—Ç—å: i(s) = $\sum i(s_k)$ –ø–æ –≤—Å–µ
                                                  –º k.
You may provide a definition with
\DeclareUnicodeCharacter 


! Package inputenc Error: Unicode character –º (U+043C)
(inputenc)                not set up for use with LaTeX.

See the inputenc package documentation for explanation.
Type  H <return>  for immediate help.
 ...                                              
                                                  
l.7 ...æ—Å—Ç—å: i(s) = $\sum i(s_k)$ –ø–æ –≤—Å–µ–º
                                                   k.
You may provide a definition with
\DeclareUnicodeCharacter 

Missing character: There is no k in font nullfont!
Missing character: There is no . in font nullfont!

Overfull \hbox (33.05281pt too wide) in paragraph at lines 7--8
[] \OML/cmm/m/it/10 i\OT1/cmr/m/n/10 (\OML/cmm/m/it/10 s[]\OT1/cmr/m/n/10 )$
 []


! Package inputenc Error: Unicode character –ú (U+041C)
(inputenc)                not set up for use with LaTeX.

See the inputenc package documentation for explanation.
Type  H <return>  for immediate help.
 ...                                              
                                                  
l.8 	\item[\textbullet] –ú
                          –æ–Ω–æ—Ç–æ–Ω–Ω–æ—Å—Ç—å: i(s) –º–æ–Ω–æ—Ç–æ–Ω–Ω–∞ –ø...

You may provide a definition with
\DeclareUnicodeCharacter 


! Package inputenc Error: Unicode character –æ (U+043E)
(inputenc)                not set up for use with LaTeX.

See the inputenc package documentation for explanation.
Type  H <return>  for immediate help.
 ...                                              
                                                  
l.8 	\item[\textbullet] –ú–æ
                            –Ω–æ—Ç–æ–Ω–Ω–æ—Å—Ç—å: i(s) –º–æ–Ω–æ—Ç–æ–Ω–Ω–∞ –ø...

You may provide a definition with
\DeclareUnicodeCharacter 


! Package inputenc Error: Unicode character –Ω (U+043D)
(inputenc)                not set up for use with LaTeX.

See the inputenc package documentation for explanation.
Type  H <return>  for immediate help.
 ...                                              
                                                  
l.8 	\item[\textbullet] –ú–æ–Ω
                              –æ—Ç–æ–Ω–Ω–æ—Å—Ç—å: i(s) –º–æ–Ω–æ—Ç–æ–Ω–Ω–∞ –ø...

You may provide a definition with
\DeclareUnicodeCharacter 


! Package inputenc Error: Unicode character –æ (U+043E)
(inputenc)                not set up for use with LaTeX.

See the inputenc package documentation for explanation.
Type  H <return>  for immediate help.
 ...                                              
                                                  
l.8 	\item[\textbullet] –ú–æ–Ω–æ
                                —Ç–æ–Ω–Ω–æ—Å—Ç—å: i(s) –º–æ–Ω–æ—Ç–æ–Ω–Ω–∞ –ø...

You may provide a definition with
\DeclareUnicodeCharacter 


! Package inputenc Error: Unicode character —Ç (U+0442)
(inputenc)                not set up for use with LaTeX.

See the inputenc package documentation for explanation.
Type  H <return>  for immediate help.
 ...                                              
                                                  
l.8 	\item[\textbullet] –ú–æ–Ω–æ—Ç
                                  –æ–Ω–Ω–æ—Å—Ç—å: i(s) –º–æ–Ω–æ—Ç–æ–Ω–Ω–∞ –ø...

You may provide a definition with
\DeclareUnicodeCharacter 


! Package inputenc Error: Unicode character –æ (U+043E)
(inputenc)                not set up for use with LaTeX.

See the inputenc package documentation for explanation.
Type  H <return>  for immediate help.
 ...                                              
                                                  
l.8 	\item[\textbullet] –ú–æ–Ω–æ—Ç–æ
                                    –Ω–Ω–æ—Å—Ç—å: i(s) –º–æ–Ω–æ—Ç–æ–Ω–Ω–∞ –ø...

You may provide a definition with
\DeclareUnicodeCharacter 


! Package inputenc Error: Unicode character –Ω (U+043D)
(inputenc)                not set up for use with LaTeX.

See the inputenc package documentation for explanation.
Type  H <return>  for immediate help.
 ...                                              
                                                  
l.8 	\item[\textbullet] –ú–æ–Ω–æ—Ç–æ–Ω
                                      –Ω–æ—Å—Ç—å: i(s) –º–æ–Ω–æ—Ç–æ–Ω–Ω–∞ –ø...

You may provide a definition with
\DeclareUnicodeCharacter 


! Package inputenc Error: Unicode character –Ω (U+043D)
(inputenc)                not set up for use with LaTeX.

See the inputenc package documentation for explanation.
Type  H <return>  for immediate help.
 ...                                              
                                                  
l.8 	\item[\textbullet] –ú–æ–Ω–æ—Ç–æ–Ω–Ω
                                        –æ—Å—Ç—å: i(s) –º–æ–Ω–æ—Ç–æ–Ω–Ω–∞ –ø...

You may provide a definition with
\DeclareUnicodeCharacter 


! Package inputenc Error: Unicode character –æ (U+043E)
(inputenc)                not set up for use with LaTeX.

See the inputenc package documentation for explanation.
Type  H <return>  for immediate help.
 ...                                              
                                                  
l.8 	\item[\textbullet] –ú–æ–Ω–æ—Ç–æ–Ω–Ω–æ
                                          —Å—Ç—å: i(s) –º–æ–Ω–æ—Ç–æ–Ω–Ω–∞ –ø...

You may provide a definition with
\DeclareUnicodeCharacter 


! Package inputenc Error: Unicode character —Å (U+0441)
(inputenc)                not set up for use with LaTeX.

See the inputenc package documentation for explanation.
Type  H <return>  for immediate help.
 ...                                              
                                                  
l.8 	\item[\textbullet] –ú–æ–Ω–æ—Ç–æ–Ω–Ω–æ—Å
                                            —Ç—å: i(s) –º–æ–Ω–æ—Ç–æ–Ω–Ω–∞ –ø...

You may provide a definition with
\DeclareUnicodeCharacter 


! Package inputenc Error: Unicode character —Ç (U+0442)
(inputenc)                not set up for use with LaTeX.

See the inputenc package documentation for explanation.
Type  H <return>  for immediate help.
 ...                                              
                                                  
l.8 	\item[\textbullet] –ú–æ–Ω–æ—Ç–æ–Ω–Ω–æ—Å—Ç
                                              —å: i(s) –º–æ–Ω–æ—Ç–æ–Ω–Ω–∞ –ø...

You may provide a definition with
\DeclareUnicodeCharacter 


! Package inputenc Error: Unicode character —å (U+044C)
(inputenc)                not set up for use with LaTeX.

See the inputenc package documentation for explanation.
Type  H <return>  for immediate help.
 ...                                              
                                                  
l.8 	\item[\textbullet] –ú–æ–Ω–æ—Ç–æ–Ω–Ω–æ—Å—Ç—å
                                                : i(s) –º–æ–Ω–æ—Ç–æ–Ω–Ω–∞ –ø...

You may provide a definition with
\DeclareUnicodeCharacter 

Missing character: There is no : in font nullfont!
Missing character: There is no i in font nullfont!
Missing character: There is no ( in font nullfont!
Missing character: There is no s in font nullfont!
Missing character: There is no ) in font nullfont!

! Package inputenc Error: Unicode character –º (U+043C)
(inputenc)                not set up for use with LaTeX.

See the inputenc package documentation for explanation.
Type  H <return>  for immediate help.
 ...                                              
                                                  
l.8 ...xtbullet] –ú–æ–Ω–æ—Ç–æ–Ω–Ω–æ—Å—Ç—å: i(s) –º
                                                  –æ–Ω–æ—Ç–æ–Ω–Ω–∞ –ø—Ä–∏ –º...

You may provide a definition with
\DeclareUnicodeCharacter 


! Package inputenc Error: Unicode character –æ (U+043E)
(inputenc)                not set up for use with LaTeX.

See the inputenc package documentation for explanation.
Type  H <return>  for immediate help.
 ...                                              
                                                  
l.8 ...bullet] –ú–æ–Ω–æ—Ç–æ–Ω–Ω–æ—Å—Ç—å: i(s) –º–æ
                                                  –Ω–æ—Ç–æ–Ω–Ω–∞ –ø—Ä–∏ –º–æ...

You may provide a definition with
\DeclareUnicodeCharacter 


! Package inputenc Error: Unicode character –Ω (U+043D)
(inputenc)                not set up for use with LaTeX.

See the inputenc package documentation for explanation.
Type  H <return>  for immediate help.
 ...                                              
                                                  
l.8 ...llet] –ú–æ–Ω–æ—Ç–æ–Ω–Ω–æ—Å—Ç—å: i(s) –º–æ–Ω
                                                  –æ—Ç–æ–Ω–Ω–∞ –ø—Ä–∏ –º–æ–Ω...

You may provide a definition with
\DeclareUnicodeCharacter 


! Package inputenc Error: Unicode character –æ (U+043E)
(inputenc)                not set up for use with LaTeX.

See the inputenc package documentation for explanation.
Type  H <return>  for immediate help.
 ...                                              
                                                  
l.8 ...et] –ú–æ–Ω–æ—Ç–æ–Ω–Ω–æ—Å—Ç—å: i(s) –º–æ–Ω–æ
                                                  —Ç–æ–Ω–Ω–∞ –ø—Ä–∏ –º–æ–Ω–æ...

You may provide a definition with
\DeclareUnicodeCharacter 


! Package inputenc Error: Unicode character —Ç (U+0442)
(inputenc)                not set up for use with LaTeX.

See the inputenc package documentation for explanation.
Type  H <return>  for immediate help.
 ...                                              
                                                  
l.8 ...] –ú–æ–Ω–æ—Ç–æ–Ω–Ω–æ—Å—Ç—å: i(s) –º–æ–Ω–æ—Ç
                                                  –æ–Ω–Ω–∞ –ø—Ä–∏ –º–æ–Ω–æ—Ç...

You may provide a definition with
\DeclareUnicodeCharacter 


! Package inputenc Error: Unicode character –æ (U+043E)
(inputenc)                not set up for use with LaTeX.

See the inputenc package documentation for explanation.
Type  H <return>  for immediate help.
 ...                                              
                                                  
l.8 ...–ú–æ–Ω–æ—Ç–æ–Ω–Ω–æ—Å—Ç—å: i(s) –º–æ–Ω–æ—Ç–æ
                                                  –Ω–Ω–∞ –ø—Ä–∏ –º–æ–Ω–æ—Ç–æ...

You may provide a definition with
\DeclareUnicodeCharacter 


! Package inputenc Error: Unicode character –Ω (U+043D)
(inputenc)                not set up for use with LaTeX.

See the inputenc package documentation for explanation.
Type  H <return>  for immediate help.
 ...                                              
                                                  
l.8 ...–æ–Ω–æ—Ç–æ–Ω–Ω–æ—Å—Ç—å: i(s) –º–æ–Ω–æ—Ç–æ–Ω
                                                  –Ω–∞ –ø—Ä–∏ –º–æ–Ω–æ—Ç–æ–Ω...

You may provide a definition with
\DeclareUnicodeCharacter 


! Package inputenc Error: Unicode character –Ω (U+043D)
(inputenc)                not set up for use with LaTeX.

See the inputenc package documentation for explanation.
Type  H <return>  for immediate help.
 ...                                              
                                                  
l.8 ...–Ω–æ—Ç–æ–Ω–Ω–æ—Å—Ç—å: i(s) –º–æ–Ω–æ—Ç–æ–Ω–Ω
                                                  –∞ –ø—Ä–∏ –º–æ–Ω–æ—Ç–æ–Ω–Ω...

You may provide a definition with
\DeclareUnicodeCharacter 


! Package inputenc Error: Unicode character –∞ (U+0430)
(inputenc)                not set up for use with LaTeX.

See the inputenc package documentation for explanation.
Type  H <return>  for immediate help.
 ...                                              
                                                  
l.8 ...–æ—Ç–æ–Ω–Ω–æ—Å—Ç—å: i(s) –º–æ–Ω–æ—Ç–æ–Ω–Ω–∞
                                                   –ø—Ä–∏ –º–æ–Ω–æ—Ç–æ–Ω–Ω–æ...

You may provide a definition with
\DeclareUnicodeCharacter 


! Package inputenc Error: Unicode character –ø (U+043F)
(inputenc)                not set up for use with LaTeX.

See the inputenc package documentation for explanation.
Type  H <return>  for immediate help.
 ...                                              
                                                  
l.8 ...Ç–æ–Ω–Ω–æ—Å—Ç—å: i(s) –º–æ–Ω–æ—Ç–æ–Ω–Ω–∞ –ø
                                                  —Ä–∏ –º–æ–Ω–æ—Ç–æ–Ω–Ω–æ–º ...

You may provide a definition with
\DeclareUnicodeCharacter 


! Package inputenc Error: Unicode character —Ä (U+0440)
(inputenc)                not set up for use with LaTeX.

See the inputenc package documentation for explanation.
Type  H <return>  for immediate help.
 ...                                              
                                                  
l.8 ...æ–Ω–Ω–æ—Å—Ç—å: i(s) –º–æ–Ω–æ—Ç–æ–Ω–Ω–∞ –ø—Ä
                                                  –∏ –º–æ–Ω–æ—Ç–æ–Ω–Ω–æ–º –∏...

You may provide a definition with
\DeclareUnicodeCharacter 


! Package inputenc Error: Unicode character –∏ (U+0438)
(inputenc)                not set up for use with LaTeX.

See the inputenc package documentation for explanation.
Type  H <return>  for immediate help.
 ...                                              
                                                  
l.8 ...Ω–Ω–æ—Å—Ç—å: i(s) –º–æ–Ω–æ—Ç–æ–Ω–Ω–∞ –ø—Ä–∏
                                                   –º–æ–Ω–æ—Ç–æ–Ω–Ω–æ–º –∏–∑...

You may provide a definition with
\DeclareUnicodeCharacter 


! Package inputenc Error: Unicode character –º (U+043C)
(inputenc)                not set up for use with LaTeX.

See the inputenc package documentation for explanation.
Type  H <return>  for immediate help.
 ...                                              
                                                  
l.8 ...–æ—Å—Ç—å: i(s) –º–æ–Ω–æ—Ç–æ–Ω–Ω–∞ –ø—Ä–∏ –º
                                                  –æ–Ω–æ—Ç–æ–Ω–Ω–æ–º –∏–∑–º–...

You may provide a definition with
\DeclareUnicodeCharacter 


! Package inputenc Error: Unicode character –æ (U+043E)
(inputenc)                not set up for use with LaTeX.

See the inputenc package documentation for explanation.
Type  H <return>  for immediate help.
 ...                                              
                                                  
l.8 ...—Å—Ç—å: i(s) –º–æ–Ω–æ—Ç–æ–Ω–Ω–∞ –ø—Ä–∏ –º–æ
                                                  –Ω–æ—Ç–æ–Ω–Ω–æ–º –∏–∑–º–µ–...

You may provide a definition with
\DeclareUnicodeCharacter 


! Package inputenc Error: Unicode character –Ω (U+043D)
(inputenc)                not set up for use with LaTeX.

See the inputenc package documentation for explanation.
Type  H <return>  for immediate help.
 ...                                              
                                                  
l.8 ...—Ç—å: i(s) –º–æ–Ω–æ—Ç–æ–Ω–Ω–∞ –ø—Ä–∏ –º–æ–Ω
                                                  –æ—Ç–æ–Ω–Ω–æ–º –∏–∑–º–µ–Ω–...

You may provide a definition with
\DeclareUnicodeCharacter 


! Package inputenc Error: Unicode character –æ (U+043E)
(inputenc)                not set up for use with LaTeX.

See the inputenc package documentation for explanation.
Type  H <return>  for immediate help.
 ...                                              
                                                  
l.8 ...—å: i(s) –º–æ–Ω–æ—Ç–æ–Ω–Ω–∞ –ø—Ä–∏ –º–æ–Ω–æ
                                                  —Ç–æ–Ω–Ω–æ–º –∏–∑–º–µ–Ω–µ–...

You may provide a definition with
\DeclareUnicodeCharacter 


! Package inputenc Error: Unicode character —Ç (U+0442)
(inputenc)                not set up for use with LaTeX.

See the inputenc package documentation for explanation.
Type  H <return>  for immediate help.
 ...                                              
                                                  
l.8 ...: i(s) –º–æ–Ω–æ—Ç–æ–Ω–Ω–∞ –ø—Ä–∏ –º–æ–Ω–æ—Ç
                                                  –æ–Ω–Ω–æ–º –∏–∑–º–µ–Ω–µ–Ω–...

You may provide a definition with
\DeclareUnicodeCharacter 


! Package inputenc Error: Unicode character –æ (U+043E)
(inputenc)                not set up for use with LaTeX.

See the inputenc package documentation for explanation.
Type  H <return>  for immediate help.
 ...                                              
                                                  
l.8 ...i(s) –º–æ–Ω–æ—Ç–æ–Ω–Ω–∞ –ø—Ä–∏ –º–æ–Ω–æ—Ç–æ
                                                  –Ω–Ω–æ–º –∏–∑–º–µ–Ω–µ–Ω–∏–...

You may provide a definition with
\DeclareUnicodeCharacter 


! Package inputenc Error: Unicode character –Ω (U+043D)
(inputenc)                not set up for use with LaTeX.

See the inputenc package documentation for explanation.
Type  H <return>  for immediate help.
 ...                                              
                                                  
l.8 ...s) –º–æ–Ω–æ—Ç–æ–Ω–Ω–∞ –ø—Ä–∏ –º–æ–Ω–æ—Ç–æ–Ω
                                                  –Ω–æ–º –∏–∑–º–µ–Ω–µ–Ω–∏–∏ ...

You may provide a definition with
\DeclareUnicodeCharacter 


! Package inputenc Error: Unicode character –Ω (U+043D)
(inputenc)                not set up for use with LaTeX.

See the inputenc package documentation for explanation.
Type  H <return>  for immediate help.
 ...                                              
                                                  
l.8 ... –º–æ–Ω–æ—Ç–æ–Ω–Ω–∞ –ø—Ä–∏ –º–æ–Ω–æ—Ç–æ–Ω–Ω
                                                  –æ–º –∏–∑–º–µ–Ω–µ–Ω–∏–∏ –≤...

You may provide a definition with
\DeclareUnicodeCharacter 


! Package inputenc Error: Unicode character –æ (U+043E)
(inputenc)                not set up for use with LaTeX.

See the inputenc package documentation for explanation.
Type  H <return>  for immediate help.
 ...                                              
                                                  
l.8 ...º–æ–Ω–æ—Ç–æ–Ω–Ω–∞ –ø—Ä–∏ –º–æ–Ω–æ—Ç–æ–Ω–Ω–æ
                                                  –º –∏–∑–º–µ–Ω–µ–Ω–∏–∏ –≤–µ...

You may provide a definition with
\DeclareUnicodeCharacter 


! Package inputenc Error: Unicode character –º (U+043C)
(inputenc)                not set up for use with LaTeX.

See the inputenc package documentation for explanation.
Type  H <return>  for immediate help.
 ...                                              
                                                  
l.8 ...æ–Ω–æ—Ç–æ–Ω–Ω–∞ –ø—Ä–∏ –º–æ–Ω–æ—Ç–æ–Ω–Ω–æ–º
                                                   –∏–∑–º–µ–Ω–µ–Ω–∏–∏ –≤–µ—Ä...

You may provide a definition with
\DeclareUnicodeCharacter 


! Package inputenc Error: Unicode character –∏ (U+0438)
(inputenc)                not set up for use with LaTeX.

See the inputenc package documentation for explanation.
Type  H <return>  for immediate help.
 ...                                              
                                                  
l.8 ...–æ—Ç–æ–Ω–Ω–∞ –ø—Ä–∏ –º–æ–Ω–æ—Ç–æ–Ω–Ω–æ–º –∏
                                                  –∑–º–µ–Ω–µ–Ω–∏–∏ –≤–µ—Ä–æ—...

You may provide a definition with
\DeclareUnicodeCharacter 


! Package inputenc Error: Unicode character –∑ (U+0437)
(inputenc)                not set up for use with LaTeX.

See the inputenc package documentation for explanation.
Type  H <return>  for immediate help.
 ...                                              
                                                  
l.8 ...—Ç–æ–Ω–Ω–∞ –ø—Ä–∏ –º–æ–Ω–æ—Ç–æ–Ω–Ω–æ–º –∏–∑
                                                  –º–µ–Ω–µ–Ω–∏–∏ –≤–µ—Ä–æ—è—...

You may provide a definition with
\DeclareUnicodeCharacter 


! Package inputenc Error: Unicode character –º (U+043C)
(inputenc)                not set up for use with LaTeX.

See the inputenc package documentation for explanation.
Type  H <return>  for immediate help.
 ...                                              
                                                  
l.8 ...–æ–Ω–Ω–∞ –ø—Ä–∏ –º–æ–Ω–æ—Ç–æ–Ω–Ω–æ–º –∏–∑–º
                                                  –µ–Ω–µ–Ω–∏–∏ –≤–µ—Ä–æ—è—Ç–...

You may provide a definition with
\DeclareUnicodeCharacter 


! Package inputenc Error: Unicode character –µ (U+0435)
(inputenc)                not set up for use with LaTeX.

See the inputenc package documentation for explanation.
Type  H <return>  for immediate help.
 ...                                              
                                                  
l.8 ...–Ω–Ω–∞ –ø—Ä–∏ –º–æ–Ω–æ—Ç–æ–Ω–Ω–æ–º –∏–∑–º–µ
                                                  –Ω–µ–Ω–∏–∏ –≤–µ—Ä–æ—è—Ç–Ω–...

You may provide a definition with
\DeclareUnicodeCharacter 


! Package inputenc Error: Unicode character –Ω (U+043D)
(inputenc)                not set up for use with LaTeX.

See the inputenc package documentation for explanation.
Type  H <return>  for immediate help.
 ...                                              
                                                  
l.8 ...–Ω–∞ –ø—Ä–∏ –º–æ–Ω–æ—Ç–æ–Ω–Ω–æ–º –∏–∑–º–µ–Ω
                                                  –µ–Ω–∏–∏ –≤–µ—Ä–æ—è—Ç–Ω–æ—...

You may provide a definition with
\DeclareUnicodeCharacter 


! Package inputenc Error: Unicode character –µ (U+0435)
(inputenc)                not set up for use with LaTeX.

See the inputenc package documentation for explanation.
Type  H <return>  for immediate help.
 ...                                              
                                                  
l.8 ...–∞ –ø—Ä–∏ –º–æ–Ω–æ—Ç–æ–Ω–Ω–æ–º –∏–∑–º–µ–Ω–µ
                                                  –Ω–∏–∏ –≤–µ—Ä–æ—è—Ç–Ω–æ—Å—...

You may provide a definition with
\DeclareUnicodeCharacter 


! Package inputenc Error: Unicode character –Ω (U+043D)
(inputenc)                not set up for use with LaTeX.

See the inputenc package documentation for explanation.
Type  H <return>  for immediate help.
 ...                                              
                                                  
l.8 ... –ø—Ä–∏ –º–æ–Ω–æ—Ç–æ–Ω–Ω–æ–º –∏–∑–º–µ–Ω–µ–Ω
                                                  –∏–∏ –≤–µ—Ä–æ—è—Ç–Ω–æ—Å—Ç–...

You may provide a definition with
\DeclareUnicodeCharacter 


! Package inputenc Error: Unicode character –∏ (U+0438)
(inputenc)                not set up for use with LaTeX.

See the inputenc package documentation for explanation.
Type  H <return>  for immediate help.
 ...                                              
                                                  
l.8 ...ø—Ä–∏ –º–æ–Ω–æ—Ç–æ–Ω–Ω–æ–º –∏–∑–º–µ–Ω–µ–Ω–∏
                                                  –∏ –≤–µ—Ä–æ—è—Ç–Ω–æ—Å—Ç–µ–π.
You may provide a definition with
\DeclareUnicodeCharacter 


! Package inputenc Error: Unicode character –∏ (U+0438)
(inputenc)                not set up for use with LaTeX.

See the inputenc package documentation for explanation.
Type  H <return>  for immediate help.
 ...                                              
                                                  
l.8 ...Ä–∏ –º–æ–Ω–æ—Ç–æ–Ω–Ω–æ–º –∏–∑–º–µ–Ω–µ–Ω–∏–∏
                                                   –≤–µ—Ä–æ—è—Ç–Ω–æ—Å—Ç–µ–π.
You may provide a definition with
\DeclareUnicodeCharacter 


! Package inputenc Error: Unicode character –≤ (U+0432)
(inputenc)                not set up for use with LaTeX.

See the inputenc package documentation for explanation.
Type  H <return>  for immediate help.
 ...                                              
                                                  
l.8 ... –º–æ–Ω–æ—Ç–æ–Ω–Ω–æ–º –∏–∑–º–µ–Ω–µ–Ω–∏–∏ –≤
                                                  –µ—Ä–æ—è—Ç–Ω–æ—Å—Ç–µ–π.
You may provide a definition with
\DeclareUnicodeCharacter 


! Package inputenc Error: Unicode character –µ (U+0435)
(inputenc)                not set up for use with LaTeX.

See the inputenc package documentation for explanation.
Type  H <return>  for immediate help.
 ...                                              
                                                  
l.8 ...º–æ–Ω–æ—Ç–æ–Ω–Ω–æ–º –∏–∑–º–µ–Ω–µ–Ω–∏–∏ –≤–µ
                                                  —Ä–æ—è—Ç–Ω–æ—Å—Ç–µ–π.
You may provide a definition with
\DeclareUnicodeCharacter 


! Package inputenc Error: Unicode character —Ä (U+0440)
(inputenc)                not set up for use with LaTeX.

See the inputenc package documentation for explanation.
Type  H <return>  for immediate help.
 ...                                              
                                                  
l.8 ...æ–Ω–æ—Ç–æ–Ω–Ω–æ–º –∏–∑–º–µ–Ω–µ–Ω–∏–∏ –≤–µ—Ä
                                                  –æ—è—Ç–Ω–æ—Å—Ç–µ–π.
You may provide a definition with
\DeclareUnicodeCharacter 


! Package inputenc Error: Unicode character –æ (U+043E)
(inputenc)                not set up for use with LaTeX.

See the inputenc package documentation for explanation.
Type  H <return>  for immediate help.
 ...                                              
                                                  
l.8 ...Ω–æ—Ç–æ–Ω–Ω–æ–º –∏–∑–º–µ–Ω–µ–Ω–∏–∏ –≤–µ—Ä–æ
                                                  —è—Ç–Ω–æ—Å—Ç–µ–π.
You may provide a definition with
\DeclareUnicodeCharacter 


! Package inputenc Error: Unicode character —è (U+044F)
(inputenc)                not set up for use with LaTeX.

See the inputenc package documentation for explanation.
Type  H <return>  for immediate help.
 ...                                              
                                                  
l.8 ...æ—Ç–æ–Ω–Ω–æ–º –∏–∑–º–µ–Ω–µ–Ω–∏–∏ –≤–µ—Ä–æ—è
                                                  —Ç–Ω–æ—Å—Ç–µ–π.
You may provide a definition with
\DeclareUnicodeCharacter 


! Package inputenc Error: Unicode character —Ç (U+0442)
(inputenc)                not set up for use with LaTeX.

See the inputenc package documentation for explanation.
Type  H <return>  for immediate help.
 ...                                              
                                                  
l.8 ...Ç–æ–Ω–Ω–æ–º –∏–∑–º–µ–Ω–µ–Ω–∏–∏ –≤–µ—Ä–æ—è—Ç
                                                  –Ω–æ—Å—Ç–µ–π.
You may provide a definition with
\DeclareUnicodeCharacter 


! Package inputenc Error: Unicode character –Ω (U+043D)
(inputenc)                not set up for use with LaTeX.

See the inputenc package documentation for explanation.
Type  H <return>  for immediate help.
 ...                                              
                                                  
l.8 ...æ–Ω–Ω–æ–º –∏–∑–º–µ–Ω–µ–Ω–∏–∏ –≤–µ—Ä–æ—è—Ç–Ω
                                                  –æ—Å—Ç–µ–π.
You may provide a definition with
\DeclareUnicodeCharacter 


! Package inputenc Error: Unicode character –æ (U+043E)
(inputenc)                not set up for use with LaTeX.

See the inputenc package documentation for explanation.
Type  H <return>  for immediate help.
 ...                                              
                                                  
l.8 ...Ω–Ω–æ–º –∏–∑–º–µ–Ω–µ–Ω–∏–∏ –≤–µ—Ä–æ—è—Ç–Ω–æ
                                                  —Å—Ç–µ–π.
You may provide a definition with
\DeclareUnicodeCharacter 


! Package inputenc Error: Unicode character —Å (U+0441)
(inputenc)                not set up for use with LaTeX.

See the inputenc package documentation for explanation.
Type  H <return>  for immediate help.
 ...                                              
                                                  
l.8 ...Ω–æ–º –∏–∑–º–µ–Ω–µ–Ω–∏–∏ –≤–µ—Ä–æ—è—Ç–Ω–æ—Å
                                                  —Ç–µ–π.
You may provide a definition with
\DeclareUnicodeCharacter 


! Package inputenc Error: Unicode character —Ç (U+0442)
(inputenc)                not set up for use with LaTeX.

See the inputenc package documentation for explanation.
Type  H <return>  for immediate help.
 ...                                              
                                                  
l.8 ...æ–º –∏–∑–º–µ–Ω–µ–Ω–∏–∏ –≤–µ—Ä–æ—è—Ç–Ω–æ—Å—Ç
                                                  –µ–π.
You may provide a definition with
\DeclareUnicodeCharacter 


! Package inputenc Error: Unicode character –µ (U+0435)
(inputenc)                not set up for use with LaTeX.

See the inputenc package documentation for explanation.
Type  H <return>  for immediate help.
 ...                                              
                                                  
l.8 ...º –∏–∑–º–µ–Ω–µ–Ω–∏–∏ –≤–µ—Ä–æ—è—Ç–Ω–æ—Å—Ç–µ
                                                  –π.
You may provide a definition with
\DeclareUnicodeCharacter 


! Package inputenc Error: Unicode character –π (U+0439)
(inputenc)                not set up for use with LaTeX.

See the inputenc package documentation for explanation.
Type  H <return>  for immediate help.
 ...                                              
                                                  
l.8 ...–∏–∑–º–µ–Ω–µ–Ω–∏–∏ –≤–µ—Ä–æ—è—Ç–Ω–æ—Å—Ç–µ–π
                                                  .
You may provide a definition with
\DeclareUnicodeCharacter 

Missing character: There is no . in font nullfont!
)
! Emergency stop.
<*> ./frame16.tex
                 
*** (job aborted, no legal \end found)

 
Here is how much of TeX's memory you used:
 59 strings out of 479697
 697 string characters out of 2866658
 267137 words of memory out of 3000000
 17251 multiletter control sequences out of 15000+200000
 404073 words of font info for 29 fonts, out of 3000000 for 9000
 1141 hyphenation exceptions out of 8191
 18i,3n,17p,179b,125s stack positions out of 5000i,500n,10000p,200000b,50000s
!  ==> Fatal error occurred, no output PDF file produced!
